2015-01-17 11:07:40  [ 931684766@qtp-1248915741-53:67381824 ] - [ WARN ]  Tried to assign property errcode:java.lang.Integer to bean of class com.bkl.chwl.entity.Weixin
2015-01-17 11:07:40  [ 931684766@qtp-1248915741-53:67382106 ] - [ WARN ]  Tried to assign property errmsg:java.lang.String to bean of class com.bkl.chwl.entity.Weixin
2015-01-17 12:00:28  [ main:0 ] - [ INFO ]  Logging to org.slf4j.impl.Log4jLoggerAdapter(org.mortbay.log) via org.mortbay.log.Slf4jLog
2015-01-17 12:00:28  [ main:407 ] - [ INFO ]  jetty-6.1.26
2015-01-17 12:00:30  [ main:2675 ] - [ INFO ]  Started SelectChannelConnector@0.0.0.0:12000
2015-01-17 12:02:10  [ 1739824625@qtp-1857676680-0:102761 ] - [ WARN ]  Tried to assign property local2:java.lang.Integer to bean of class com.baiyi.data.model.User
2015-01-17 12:02:10  [ 1739824625@qtp-1857676680-0:102763 ] - [ WARN ]  Tried to assign property recommendProxy3TotalSurplus:java.lang.Float to bean of class com.baiyi.data.model.User
2015-01-17 12:02:10  [ 1739824625@qtp-1857676680-0:102763 ] - [ WARN ]  Tried to assign property recommendProxy3Surplus:java.lang.Float to bean of class com.baiyi.data.model.User
2015-01-17 12:04:21  [ 27120733@qtp-1857676680-4:233019 ] - [ WARN ]  Tried to assign property local2:java.lang.Integer to bean of class com.baiyi.data.model.User
2015-01-17 12:04:21  [ 27120733@qtp-1857676680-4:233023 ] - [ WARN ]  Tried to assign property recommendProxy3TotalSurplus:java.lang.Float to bean of class com.baiyi.data.model.User
2015-01-17 12:04:21  [ 27120733@qtp-1857676680-4:233025 ] - [ WARN ]  Tried to assign property recommendProxy3Surplus:java.lang.Float to bean of class com.baiyi.data.model.User
2015-01-17 12:21:18  [ main:0 ] - [ INFO ]  Logging to org.slf4j.impl.Log4jLoggerAdapter(org.mortbay.log) via org.mortbay.log.Slf4jLog
2015-01-17 12:21:18  [ main:113 ] - [ INFO ]  jetty-6.1.26
2015-01-17 12:21:18  [ main:655 ] - [ INFO ]  Started SelectChannelConnector@0.0.0.0:12000
2015-01-17 13:30:09  [ 22365665@qtp-1854700674-5:4131146 ] - [ ERROR ]  /index.jsp
java.lang.NullPointerException
	at org.apache.jsp.index_jsp._jspService(org.apache.jsp.index_jsp:75)
	at org.apache.jasper.runtime.HttpJspBase.service(HttpJspBase.java:93)
	at javax.servlet.http.HttpServlet.service(HttpServlet.java:790)
	at org.apache.jasper.servlet.JspServletWrapper.service(JspServletWrapper.java:373)
	at org.apache.jasper.servlet.JspServlet.serviceJspFile(JspServlet.java:470)
	at org.apache.jasper.servlet.JspServlet.service(JspServlet.java:364)
	at javax.servlet.http.HttpServlet.service(HttpServlet.java:790)
	at org.mortbay.jetty.servlet.ServletHolder.handle(ServletHolder.java:511)
	at org.mortbay.jetty.servlet.ServletHandler$CachedChain.doFilter(ServletHandler.java:1221)
	at com.bkl.chwl.servlet.RootFilter.doFilter(RootFilter.java:50)
	at org.mortbay.jetty.servlet.ServletHandler$CachedChain.doFilter(ServletHandler.java:1212)
	at com.km.common.filter.CharsetFilter.doFilter(CharsetFilter.java:27)
	at org.mortbay.jetty.servlet.ServletHandler$CachedChain.doFilter(ServletHandler.java:1212)
	at org.mortbay.jetty.servlet.ServletHandler.handle(ServletHandler.java:399)
	at org.mortbay.jetty.security.SecurityHandler.handle(SecurityHandler.java:216)
	at org.mortbay.jetty.servlet.SessionHandler.handle(SessionHandler.java:182)
	at org.mortbay.jetty.handler.ContextHandler.handle(ContextHandler.java:766)
	at org.mortbay.jetty.webapp.WebAppContext.handle(WebAppContext.java:450)
	at org.mortbay.jetty.handler.HandlerWrapper.handle(HandlerWrapper.java:152)
	at org.mortbay.jetty.Server.handle(Server.java:326)
	at org.mortbay.jetty.HttpConnection.handleRequest(HttpConnection.java:542)
	at org.mortbay.jetty.HttpConnection$RequestHandler.headerComplete(HttpConnection.java:928)
	at org.mortbay.jetty.HttpParser.parseNext(HttpParser.java:549)
	at org.mortbay.jetty.HttpParser.parseAvailable(HttpParser.java:212)
	at org.mortbay.jetty.HttpConnection.handle(HttpConnection.java:404)
	at org.mortbay.io.nio.SelectChannelEndPoint.run(SelectChannelEndPoint.java:410)
	at org.mortbay.thread.QueuedThreadPool$PoolThread.run(QueuedThreadPool.java:582)
2015-01-17 13:30:16  [ main:0 ] - [ INFO ]  Logging to org.slf4j.impl.Log4jLoggerAdapter(org.mortbay.log) via org.mortbay.log.Slf4jLog
2015-01-17 13:30:16  [ main:111 ] - [ INFO ]  jetty-6.1.26
2015-01-17 13:30:17  [ main:754 ] - [ INFO ]  Started SelectChannelConnector@0.0.0.0:12000
2015-01-17 13:30:18  [ 1095134823@qtp-1854700674-0:2515 ] - [ ERROR ]  /index.jsp
java.lang.NullPointerException
	at org.apache.jsp.index_jsp._jspService(org.apache.jsp.index_jsp:75)
	at org.apache.jasper.runtime.HttpJspBase.service(HttpJspBase.java:93)
	at javax.servlet.http.HttpServlet.service(HttpServlet.java:790)
	at org.apache.jasper.servlet.JspServletWrapper.service(JspServletWrapper.java:373)
	at org.apache.jasper.servlet.JspServlet.serviceJspFile(JspServlet.java:470)
	at org.apache.jasper.servlet.JspServlet.service(JspServlet.java:364)
	at javax.servlet.http.HttpServlet.service(HttpServlet.java:790)
	at org.mortbay.jetty.servlet.ServletHolder.handle(ServletHolder.java:511)
	at org.mortbay.jetty.servlet.ServletHandler$CachedChain.doFilter(ServletHandler.java:1221)
	at com.bkl.chwl.servlet.RootFilter.doFilter(RootFilter.java:50)
	at org.mortbay.jetty.servlet.ServletHandler$CachedChain.doFilter(ServletHandler.java:1212)
	at com.km.common.filter.CharsetFilter.doFilter(CharsetFilter.java:27)
	at org.mortbay.jetty.servlet.ServletHandler$CachedChain.doFilter(ServletHandler.java:1212)
	at org.mortbay.jetty.servlet.ServletHandler.handle(ServletHandler.java:399)
	at org.mortbay.jetty.security.SecurityHandler.handle(SecurityHandler.java:216)
	at org.mortbay.jetty.servlet.SessionHandler.handle(SessionHandler.java:182)
	at org.mortbay.jetty.handler.ContextHandler.handle(ContextHandler.java:766)
	at org.mortbay.jetty.webapp.WebAppContext.handle(WebAppContext.java:450)
	at org.mortbay.jetty.handler.HandlerWrapper.handle(HandlerWrapper.java:152)
	at org.mortbay.jetty.Server.handle(Server.java:326)
	at org.mortbay.jetty.HttpConnection.handleRequest(HttpConnection.java:542)
	at org.mortbay.jetty.HttpConnection$RequestHandler.headerComplete(HttpConnection.java:928)
	at org.mortbay.jetty.HttpParser.parseNext(HttpParser.java:549)
	at org.mortbay.jetty.HttpParser.parseAvailable(HttpParser.java:212)
	at org.mortbay.jetty.HttpConnection.handle(HttpConnection.java:404)
	at org.mortbay.io.nio.SelectChannelEndPoint.run(SelectChannelEndPoint.java:410)
	at org.mortbay.thread.QueuedThreadPool$PoolThread.run(QueuedThreadPool.java:582)
2015-01-17 13:30:19  [ 1095134823@qtp-1854700674-0:3397 ] - [ ERROR ]  /index.jsp
java.lang.NullPointerException
	at org.apache.jsp.index_jsp._jspService(org.apache.jsp.index_jsp:75)
	at org.apache.jasper.runtime.HttpJspBase.service(HttpJspBase.java:93)
	at javax.servlet.http.HttpServlet.service(HttpServlet.java:790)
	at org.apache.jasper.servlet.JspServletWrapper.service(JspServletWrapper.java:373)
	at org.apache.jasper.servlet.JspServlet.serviceJspFile(JspServlet.java:470)
	at org.apache.jasper.servlet.JspServlet.service(JspServlet.java:364)
	at javax.servlet.http.HttpServlet.service(HttpServlet.java:790)
	at org.mortbay.jetty.servlet.ServletHolder.handle(ServletHolder.java:511)
	at org.mortbay.jetty.servlet.ServletHandler$CachedChain.doFilter(ServletHandler.java:1221)
	at com.bkl.chwl.servlet.RootFilter.doFilter(RootFilter.java:50)
	at org.mortbay.jetty.servlet.ServletHandler$CachedChain.doFilter(ServletHandler.java:1212)
	at com.km.common.filter.CharsetFilter.doFilter(CharsetFilter.java:27)
	at org.mortbay.jetty.servlet.ServletHandler$CachedChain.doFilter(ServletHandler.java:1212)
	at org.mortbay.jetty.servlet.ServletHandler.handle(ServletHandler.java:399)
	at org.mortbay.jetty.security.SecurityHandler.handle(SecurityHandler.java:216)
	at org.mortbay.jetty.servlet.SessionHandler.handle(SessionHandler.java:182)
	at org.mortbay.jetty.handler.ContextHandler.handle(ContextHandler.java:766)
	at org.mortbay.jetty.webapp.WebAppContext.handle(WebAppContext.java:450)
	at org.mortbay.jetty.handler.HandlerWrapper.handle(HandlerWrapper.java:152)
	at org.mortbay.jetty.Server.handle(Server.java:326)
	at org.mortbay.jetty.HttpConnection.handleRequest(HttpConnection.java:542)
	at org.mortbay.jetty.HttpConnection$RequestHandler.headerComplete(HttpConnection.java:928)
	at org.mortbay.jetty.HttpParser.parseNext(HttpParser.java:549)
	at org.mortbay.jetty.HttpParser.parseAvailable(HttpParser.java:212)
	at org.mortbay.jetty.HttpConnection.handle(HttpConnection.java:404)
	at org.mortbay.io.nio.SelectChannelEndPoint.run(SelectChannelEndPoint.java:410)
	at org.mortbay.thread.QueuedThreadPool$PoolThread.run(QueuedThreadPool.java:582)
2015-01-17 13:31:07  [ 1507687499@qtp-1854700674-2:51142 ] - [ ERROR ]  /index.jsp
java.lang.NullPointerException
	at org.apache.jsp.index_jsp._jspService(org.apache.jsp.index_jsp:75)
	at org.apache.jasper.runtime.HttpJspBase.service(HttpJspBase.java:93)
	at javax.servlet.http.HttpServlet.service(HttpServlet.java:790)
	at org.apache.jasper.servlet.JspServletWrapper.service(JspServletWrapper.java:373)
	at org.apache.jasper.servlet.JspServlet.serviceJspFile(JspServlet.java:470)
	at org.apache.jasper.servlet.JspServlet.service(JspServlet.java:364)
	at javax.servlet.http.HttpServlet.service(HttpServlet.java:790)
	at org.mortbay.jetty.servlet.ServletHolder.handle(ServletHolder.java:511)
	at org.mortbay.jetty.servlet.ServletHandler$CachedChain.doFilter(ServletHandler.java:1221)
	at com.bkl.chwl.servlet.RootFilter.doFilter(RootFilter.java:50)
	at org.mortbay.jetty.servlet.ServletHandler$CachedChain.doFilter(ServletHandler.java:1212)
	at com.km.common.filter.CharsetFilter.doFilter(CharsetFilter.java:27)
	at org.mortbay.jetty.servlet.ServletHandler$CachedChain.doFilter(ServletHandler.java:1212)
	at org.mortbay.jetty.servlet.ServletHandler.handle(ServletHandler.java:399)
	at org.mortbay.jetty.security.SecurityHandler.handle(SecurityHandler.java:216)
	at org.mortbay.jetty.servlet.SessionHandler.handle(SessionHandler.java:182)
	at org.mortbay.jetty.handler.ContextHandler.handle(ContextHandler.java:766)
	at org.mortbay.jetty.webapp.WebAppContext.handle(WebAppContext.java:450)
	at org.mortbay.jetty.handler.HandlerWrapper.handle(HandlerWrapper.java:152)
	at org.mortbay.jetty.Server.handle(Server.java:326)
	at org.mortbay.jetty.HttpConnection.handleRequest(HttpConnection.java:542)
	at org.mortbay.jetty.HttpConnection$RequestHandler.headerComplete(HttpConnection.java:928)
	at org.mortbay.jetty.HttpParser.parseNext(HttpParser.java:549)
	at org.mortbay.jetty.HttpParser.parseAvailable(HttpParser.java:212)
	at org.mortbay.jetty.HttpConnection.handle(HttpConnection.java:404)
	at org.mortbay.io.nio.SelectChannelEndPoint.run(SelectChannelEndPoint.java:410)
	at org.mortbay.thread.QueuedThreadPool$PoolThread.run(QueuedThreadPool.java:582)
2015-01-17 13:31:14  [ 1507687499@qtp-1854700674-2:57630 ] - [ ERROR ]  /index.jsp
java.lang.NullPointerException
	at org.apache.jsp.index_jsp._jspService(org.apache.jsp.index_jsp:75)
	at org.apache.jasper.runtime.HttpJspBase.service(HttpJspBase.java:93)
	at javax.servlet.http.HttpServlet.service(HttpServlet.java:790)
	at org.apache.jasper.servlet.JspServletWrapper.service(JspServletWrapper.java:373)
	at org.apache.jasper.servlet.JspServlet.serviceJspFile(JspServlet.java:470)
	at org.apache.jasper.servlet.JspServlet.service(JspServlet.java:364)
	at javax.servlet.http.HttpServlet.service(HttpServlet.java:790)
	at org.mortbay.jetty.servlet.ServletHolder.handle(ServletHolder.java:511)
	at org.mortbay.jetty.servlet.ServletHandler$CachedChain.doFilter(ServletHandler.java:1221)
	at com.bkl.chwl.servlet.RootFilter.doFilter(RootFilter.java:50)
	at org.mortbay.jetty.servlet.ServletHandler$CachedChain.doFilter(ServletHandler.java:1212)
	at com.km.common.filter.CharsetFilter.doFilter(CharsetFilter.java:27)
	at org.mortbay.jetty.servlet.ServletHandler$CachedChain.doFilter(ServletHandler.java:1212)
	at org.mortbay.jetty.servlet.ServletHandler.handle(ServletHandler.java:399)
	at org.mortbay.jetty.security.SecurityHandler.handle(SecurityHandler.java:216)
	at org.mortbay.jetty.servlet.SessionHandler.handle(SessionHandler.java:182)
	at org.mortbay.jetty.handler.ContextHandler.handle(ContextHandler.java:766)
	at org.mortbay.jetty.webapp.WebAppContext.handle(WebAppContext.java:450)
	at org.mortbay.jetty.handler.HandlerWrapper.handle(HandlerWrapper.java:152)
	at org.mortbay.jetty.Server.handle(Server.java:326)
	at org.mortbay.jetty.HttpConnection.handleRequest(HttpConnection.java:542)
	at org.mortbay.jetty.HttpConnection$RequestHandler.headerComplete(HttpConnection.java:928)
	at org.mortbay.jetty.HttpParser.parseNext(HttpParser.java:549)
	at org.mortbay.jetty.HttpParser.parseAvailable(HttpParser.java:212)
	at org.mortbay.jetty.HttpConnection.handle(HttpConnection.java:404)
	at org.mortbay.io.nio.SelectChannelEndPoint.run(SelectChannelEndPoint.java:410)
	at org.mortbay.thread.QueuedThreadPool$PoolThread.run(QueuedThreadPool.java:582)
2015-01-17 13:31:19  [ 1507687499@qtp-1854700674-2:63227 ] - [ ERROR ]  /index.jsp
java.lang.NullPointerException
	at org.apache.jsp.index_jsp._jspService(org.apache.jsp.index_jsp:75)
	at org.apache.jasper.runtime.HttpJspBase.service(HttpJspBase.java:93)
	at javax.servlet.http.HttpServlet.service(HttpServlet.java:790)
	at org.apache.jasper.servlet.JspServletWrapper.service(JspServletWrapper.java:373)
	at org.apache.jasper.servlet.JspServlet.serviceJspFile(JspServlet.java:470)
	at org.apache.jasper.servlet.JspServlet.service(JspServlet.java:364)
	at javax.servlet.http.HttpServlet.service(HttpServlet.java:790)
	at org.mortbay.jetty.servlet.ServletHolder.handle(ServletHolder.java:511)
	at org.mortbay.jetty.servlet.ServletHandler$CachedChain.doFilter(ServletHandler.java:1221)
	at com.bkl.chwl.servlet.RootFilter.doFilter(RootFilter.java:50)
	at org.mortbay.jetty.servlet.ServletHandler$CachedChain.doFilter(ServletHandler.java:1212)
	at com.km.common.filter.CharsetFilter.doFilter(CharsetFilter.java:27)
	at org.mortbay.jetty.servlet.ServletHandler$CachedChain.doFilter(ServletHandler.java:1212)
	at org.mortbay.jetty.servlet.ServletHandler.handle(ServletHandler.java:399)
	at org.mortbay.jetty.security.SecurityHandler.handle(SecurityHandler.java:216)
	at org.mortbay.jetty.servlet.SessionHandler.handle(SessionHandler.java:182)
	at org.mortbay.jetty.handler.ContextHandler.handle(ContextHandler.java:766)
	at org.mortbay.jetty.webapp.WebAppContext.handle(WebAppContext.java:450)
	at org.mortbay.jetty.handler.HandlerWrapper.handle(HandlerWrapper.java:152)
	at org.mortbay.jetty.Server.handle(Server.java:326)
	at org.mortbay.jetty.HttpConnection.handleRequest(HttpConnection.java:542)
	at org.mortbay.jetty.HttpConnection$RequestHandler.headerComplete(HttpConnection.java:928)
	at org.mortbay.jetty.HttpParser.parseNext(HttpParser.java:549)
	at org.mortbay.jetty.HttpParser.parseAvailable(HttpParser.java:212)
	at org.mortbay.jetty.HttpConnection.handle(HttpConnection.java:404)
	at org.mortbay.io.nio.SelectChannelEndPoint.run(SelectChannelEndPoint.java:410)
	at org.mortbay.thread.QueuedThreadPool$PoolThread.run(QueuedThreadPool.java:582)
2015-01-17 13:31:26  [ 1507687499@qtp-1854700674-2:70280 ] - [ ERROR ]  /index.jsp
java.lang.NullPointerException
	at org.apache.jsp.index_jsp._jspService(org.apache.jsp.index_jsp:75)
	at org.apache.jasper.runtime.HttpJspBase.service(HttpJspBase.java:93)
	at javax.servlet.http.HttpServlet.service(HttpServlet.java:790)
	at org.apache.jasper.servlet.JspServletWrapper.service(JspServletWrapper.java:373)
	at org.apache.jasper.servlet.JspServlet.serviceJspFile(JspServlet.java:470)
	at org.apache.jasper.servlet.JspServlet.service(JspServlet.java:364)
	at javax.servlet.http.HttpServlet.service(HttpServlet.java:790)
	at org.mortbay.jetty.servlet.ServletHolder.handle(ServletHolder.java:511)
	at org.mortbay.jetty.servlet.ServletHandler$CachedChain.doFilter(ServletHandler.java:1221)
	at com.bkl.chwl.servlet.RootFilter.doFilter(RootFilter.java:50)
	at org.mortbay.jetty.servlet.ServletHandler$CachedChain.doFilter(ServletHandler.java:1212)
	at com.km.common.filter.CharsetFilter.doFilter(CharsetFilter.java:27)
	at org.mortbay.jetty.servlet.ServletHandler$CachedChain.doFilter(ServletHandler.java:1212)
	at org.mortbay.jetty.servlet.ServletHandler.handle(ServletHandler.java:399)
	at org.mortbay.jetty.security.SecurityHandler.handle(SecurityHandler.java:216)
	at org.mortbay.jetty.servlet.SessionHandler.handle(SessionHandler.java:182)
	at org.mortbay.jetty.handler.ContextHandler.handle(ContextHandler.java:766)
	at org.mortbay.jetty.webapp.WebAppContext.handle(WebAppContext.java:450)
	at org.mortbay.jetty.handler.HandlerWrapper.handle(HandlerWrapper.java:152)
	at org.mortbay.jetty.Server.handle(Server.java:326)
	at org.mortbay.jetty.HttpConnection.handleRequest(HttpConnection.java:542)
	at org.mortbay.jetty.HttpConnection$RequestHandler.headerComplete(HttpConnection.java:928)
	at org.mortbay.jetty.HttpParser.parseNext(HttpParser.java:549)
	at org.mortbay.jetty.HttpParser.parseAvailable(HttpParser.java:212)
	at org.mortbay.jetty.HttpConnection.handle(HttpConnection.java:404)
	at org.mortbay.io.nio.SelectChannelEndPoint.run(SelectChannelEndPoint.java:410)
	at org.mortbay.thread.QueuedThreadPool$PoolThread.run(QueuedThreadPool.java:582)
2015-01-17 13:31:30  [ 1507687499@qtp-1854700674-2:74322 ] - [ ERROR ]  /index.jsp
java.lang.NullPointerException
	at org.apache.jsp.index_jsp._jspService(org.apache.jsp.index_jsp:75)
	at org.apache.jasper.runtime.HttpJspBase.service(HttpJspBase.java:93)
	at javax.servlet.http.HttpServlet.service(HttpServlet.java:790)
	at org.apache.jasper.servlet.JspServletWrapper.service(JspServletWrapper.java:373)
	at org.apache.jasper.servlet.JspServlet.serviceJspFile(JspServlet.java:470)
	at org.apache.jasper.servlet.JspServlet.service(JspServlet.java:364)
	at javax.servlet.http.HttpServlet.service(HttpServlet.java:790)
	at org.mortbay.jetty.servlet.ServletHolder.handle(ServletHolder.java:511)
	at org.mortbay.jetty.servlet.ServletHandler$CachedChain.doFilter(ServletHandler.java:1221)
	at com.bkl.chwl.servlet.RootFilter.doFilter(RootFilter.java:50)
	at org.mortbay.jetty.servlet.ServletHandler$CachedChain.doFilter(ServletHandler.java:1212)
	at com.km.common.filter.CharsetFilter.doFilter(CharsetFilter.java:27)
	at org.mortbay.jetty.servlet.ServletHandler$CachedChain.doFilter(ServletHandler.java:1212)
	at org.mortbay.jetty.servlet.ServletHandler.handle(ServletHandler.java:399)
	at org.mortbay.jetty.security.SecurityHandler.handle(SecurityHandler.java:216)
	at org.mortbay.jetty.servlet.SessionHandler.handle(SessionHandler.java:182)
	at org.mortbay.jetty.handler.ContextHandler.handle(ContextHandler.java:766)
	at org.mortbay.jetty.webapp.WebAppContext.handle(WebAppContext.java:450)
	at org.mortbay.jetty.handler.HandlerWrapper.handle(HandlerWrapper.java:152)
	at org.mortbay.jetty.Server.handle(Server.java:326)
	at org.mortbay.jetty.HttpConnection.handleRequest(HttpConnection.java:542)
	at org.mortbay.jetty.HttpConnection$RequestHandler.headerComplete(HttpConnection.java:928)
	at org.mortbay.jetty.HttpParser.parseNext(HttpParser.java:549)
	at org.mortbay.jetty.HttpParser.parseAvailable(HttpParser.java:212)
	at org.mortbay.jetty.HttpConnection.handle(HttpConnection.java:404)
	at org.mortbay.io.nio.SelectChannelEndPoint.run(SelectChannelEndPoint.java:410)
	at org.mortbay.thread.QueuedThreadPool$PoolThread.run(QueuedThreadPool.java:582)
2015-01-17 13:31:31  [ 1507687499@qtp-1854700674-2:75252 ] - [ ERROR ]  /index.jsp
java.lang.NullPointerException
	at org.apache.jsp.index_jsp._jspService(org.apache.jsp.index_jsp:75)
	at org.apache.jasper.runtime.HttpJspBase.service(HttpJspBase.java:93)
	at javax.servlet.http.HttpServlet.service(HttpServlet.java:790)
	at org.apache.jasper.servlet.JspServletWrapper.service(JspServletWrapper.java:373)
	at org.apache.jasper.servlet.JspServlet.serviceJspFile(JspServlet.java:470)
	at org.apache.jasper.servlet.JspServlet.service(JspServlet.java:364)
	at javax.servlet.http.HttpServlet.service(HttpServlet.java:790)
	at org.mortbay.jetty.servlet.ServletHolder.handle(ServletHolder.java:511)
	at org.mortbay.jetty.servlet.ServletHandler$CachedChain.doFilter(ServletHandler.java:1221)
	at com.bkl.chwl.servlet.RootFilter.doFilter(RootFilter.java:50)
	at org.mortbay.jetty.servlet.ServletHandler$CachedChain.doFilter(ServletHandler.java:1212)
	at com.km.common.filter.CharsetFilter.doFilter(CharsetFilter.java:27)
	at org.mortbay.jetty.servlet.ServletHandler$CachedChain.doFilter(ServletHandler.java:1212)
	at org.mortbay.jetty.servlet.ServletHandler.handle(ServletHandler.java:399)
	at org.mortbay.jetty.security.SecurityHandler.handle(SecurityHandler.java:216)
	at org.mortbay.jetty.servlet.SessionHandler.handle(SessionHandler.java:182)
	at org.mortbay.jetty.handler.ContextHandler.handle(ContextHandler.java:766)
	at org.mortbay.jetty.webapp.WebAppContext.handle(WebAppContext.java:450)
	at org.mortbay.jetty.handler.HandlerWrapper.handle(HandlerWrapper.java:152)
	at org.mortbay.jetty.Server.handle(Server.java:326)
	at org.mortbay.jetty.HttpConnection.handleRequest(HttpConnection.java:542)
	at org.mortbay.jetty.HttpConnection$RequestHandler.headerComplete(HttpConnection.java:928)
	at org.mortbay.jetty.HttpParser.parseNext(HttpParser.java:549)
	at org.mortbay.jetty.HttpParser.parseAvailable(HttpParser.java:212)
	at org.mortbay.jetty.HttpConnection.handle(HttpConnection.java:404)
	at org.mortbay.io.nio.SelectChannelEndPoint.run(SelectChannelEndPoint.java:410)
	at org.mortbay.thread.QueuedThreadPool$PoolThread.run(QueuedThreadPool.java:582)
2015-01-17 13:31:32  [ 1507687499@qtp-1854700674-2:75886 ] - [ ERROR ]  /index.jsp
java.lang.NullPointerException
	at org.apache.jsp.index_jsp._jspService(org.apache.jsp.index_jsp:75)
	at org.apache.jasper.runtime.HttpJspBase.service(HttpJspBase.java:93)
	at javax.servlet.http.HttpServlet.service(HttpServlet.java:790)
	at org.apache.jasper.servlet.JspServletWrapper.service(JspServletWrapper.java:373)
	at org.apache.jasper.servlet.JspServlet.serviceJspFile(JspServlet.java:470)
	at org.apache.jasper.servlet.JspServlet.service(JspServlet.java:364)
	at javax.servlet.http.HttpServlet.service(HttpServlet.java:790)
	at org.mortbay.jetty.servlet.ServletHolder.handle(ServletHolder.java:511)
	at org.mortbay.jetty.servlet.ServletHandler$CachedChain.doFilter(ServletHandler.java:1221)
	at com.bkl.chwl.servlet.RootFilter.doFilter(RootFilter.java:50)
	at org.mortbay.jetty.servlet.ServletHandler$CachedChain.doFilter(ServletHandler.java:1212)
	at com.km.common.filter.CharsetFilter.doFilter(CharsetFilter.java:27)
	at org.mortbay.jetty.servlet.ServletHandler$CachedChain.doFilter(ServletHandler.java:1212)
	at org.mortbay.jetty.servlet.ServletHandler.handle(ServletHandler.java:399)
	at org.mortbay.jetty.security.SecurityHandler.handle(SecurityHandler.java:216)
	at org.mortbay.jetty.servlet.SessionHandler.handle(SessionHandler.java:182)
	at org.mortbay.jetty.handler.ContextHandler.handle(ContextHandler.java:766)
	at org.mortbay.jetty.webapp.WebAppContext.handle(WebAppContext.java:450)
	at org.mortbay.jetty.handler.HandlerWrapper.handle(HandlerWrapper.java:152)
	at org.mortbay.jetty.Server.handle(Server.java:326)
	at org.mortbay.jetty.HttpConnection.handleRequest(HttpConnection.java:542)
	at org.mortbay.jetty.HttpConnection$RequestHandler.headerComplete(HttpConnection.java:928)
	at org.mortbay.jetty.HttpParser.parseNext(HttpParser.java:549)
	at org.mortbay.jetty.HttpParser.parseAvailable(HttpParser.java:212)
	at org.mortbay.jetty.HttpConnection.handle(HttpConnection.java:404)
	at org.mortbay.io.nio.SelectChannelEndPoint.run(SelectChannelEndPoint.java:410)
	at org.mortbay.thread.QueuedThreadPool$PoolThread.run(QueuedThreadPool.java:582)
2015-01-17 13:31:32  [ 1507687499@qtp-1854700674-2:76206 ] - [ ERROR ]  /index.jsp
java.lang.NullPointerException
	at org.apache.jsp.index_jsp._jspService(org.apache.jsp.index_jsp:75)
	at org.apache.jasper.runtime.HttpJspBase.service(HttpJspBase.java:93)
	at javax.servlet.http.HttpServlet.service(HttpServlet.java:790)
	at org.apache.jasper.servlet.JspServletWrapper.service(JspServletWrapper.java:373)
	at org.apache.jasper.servlet.JspServlet.serviceJspFile(JspServlet.java:470)
	at org.apache.jasper.servlet.JspServlet.service(JspServlet.java:364)
	at javax.servlet.http.HttpServlet.service(HttpServlet.java:790)
	at org.mortbay.jetty.servlet.ServletHolder.handle(ServletHolder.java:511)
	at org.mortbay.jetty.servlet.ServletHandler$CachedChain.doFilter(ServletHandler.java:1221)
	at com.bkl.chwl.servlet.RootFilter.doFilter(RootFilter.java:50)
	at org.mortbay.jetty.servlet.ServletHandler$CachedChain.doFilter(ServletHandler.java:1212)
	at com.km.common.filter.CharsetFilter.doFilter(CharsetFilter.java:27)
	at org.mortbay.jetty.servlet.ServletHandler$CachedChain.doFilter(ServletHandler.java:1212)
	at org.mortbay.jetty.servlet.ServletHandler.handle(ServletHandler.java:399)
	at org.mortbay.jetty.security.SecurityHandler.handle(SecurityHandler.java:216)
	at org.mortbay.jetty.servlet.SessionHandler.handle(SessionHandler.java:182)
	at org.mortbay.jetty.handler.ContextHandler.handle(ContextHandler.java:766)
	at org.mortbay.jetty.webapp.WebAppContext.handle(WebAppContext.java:450)
	at org.mortbay.jetty.handler.HandlerWrapper.handle(HandlerWrapper.java:152)
	at org.mortbay.jetty.Server.handle(Server.java:326)
	at org.mortbay.jetty.HttpConnection.handleRequest(HttpConnection.java:542)
	at org.mortbay.jetty.HttpConnection$RequestHandler.headerComplete(HttpConnection.java:928)
	at org.mortbay.jetty.HttpParser.parseNext(HttpParser.java:549)
	at org.mortbay.jetty.HttpParser.parseAvailable(HttpParser.java:212)
	at org.mortbay.jetty.HttpConnection.handle(HttpConnection.java:404)
	at org.mortbay.io.nio.SelectChannelEndPoint.run(SelectChannelEndPoint.java:410)
	at org.mortbay.thread.QueuedThreadPool$PoolThread.run(QueuedThreadPool.java:582)
2015-01-17 13:31:32  [ 1507687499@qtp-1854700674-2:76482 ] - [ ERROR ]  /index.jsp
java.lang.NullPointerException
	at org.apache.jsp.index_jsp._jspService(org.apache.jsp.index_jsp:75)
	at org.apache.jasper.runtime.HttpJspBase.service(HttpJspBase.java:93)
	at javax.servlet.http.HttpServlet.service(HttpServlet.java:790)
	at org.apache.jasper.servlet.JspServletWrapper.service(JspServletWrapper.java:373)
	at org.apache.jasper.servlet.JspServlet.serviceJspFile(JspServlet.java:470)
	at org.apache.jasper.servlet.JspServlet.service(JspServlet.java:364)
	at javax.servlet.http.HttpServlet.service(HttpServlet.java:790)
	at org.mortbay.jetty.servlet.ServletHolder.handle(ServletHolder.java:511)
	at org.mortbay.jetty.servlet.ServletHandler$CachedChain.doFilter(ServletHandler.java:1221)
	at com.bkl.chwl.servlet.RootFilter.doFilter(RootFilter.java:50)
	at org.mortbay.jetty.servlet.ServletHandler$CachedChain.doFilter(ServletHandler.java:1212)
	at com.km.common.filter.CharsetFilter.doFilter(CharsetFilter.java:27)
	at org.mortbay.jetty.servlet.ServletHandler$CachedChain.doFilter(ServletHandler.java:1212)
	at org.mortbay.jetty.servlet.ServletHandler.handle(ServletHandler.java:399)
	at org.mortbay.jetty.security.SecurityHandler.handle(SecurityHandler.java:216)
	at org.mortbay.jetty.servlet.SessionHandler.handle(SessionHandler.java:182)
	at org.mortbay.jetty.handler.ContextHandler.handle(ContextHandler.java:766)
	at org.mortbay.jetty.webapp.WebAppContext.handle(WebAppContext.java:450)
	at org.mortbay.jetty.handler.HandlerWrapper.handle(HandlerWrapper.java:152)
	at org.mortbay.jetty.Server.handle(Server.java:326)
	at org.mortbay.jetty.HttpConnection.handleRequest(HttpConnection.java:542)
	at org.mortbay.jetty.HttpConnection$RequestHandler.headerComplete(HttpConnection.java:928)
	at org.mortbay.jetty.HttpParser.parseNext(HttpParser.java:549)
	at org.mortbay.jetty.HttpParser.parseAvailable(HttpParser.java:212)
	at org.mortbay.jetty.HttpConnection.handle(HttpConnection.java:404)
	at org.mortbay.io.nio.SelectChannelEndPoint.run(SelectChannelEndPoint.java:410)
	at org.mortbay.thread.QueuedThreadPool$PoolThread.run(QueuedThreadPool.java:582)
2015-01-17 13:31:33  [ 1507687499@qtp-1854700674-2:76673 ] - [ ERROR ]  /index.jsp
java.lang.NullPointerException
	at org.apache.jsp.index_jsp._jspService(org.apache.jsp.index_jsp:75)
	at org.apache.jasper.runtime.HttpJspBase.service(HttpJspBase.java:93)
	at javax.servlet.http.HttpServlet.service(HttpServlet.java:790)
	at org.apache.jasper.servlet.JspServletWrapper.service(JspServletWrapper.java:373)
	at org.apache.jasper.servlet.JspServlet.serviceJspFile(JspServlet.java:470)
	at org.apache.jasper.servlet.JspServlet.service(JspServlet.java:364)
	at javax.servlet.http.HttpServlet.service(HttpServlet.java:790)
	at org.mortbay.jetty.servlet.ServletHolder.handle(ServletHolder.java:511)
	at org.mortbay.jetty.servlet.ServletHandler$CachedChain.doFilter(ServletHandler.java:1221)
	at com.bkl.chwl.servlet.RootFilter.doFilter(RootFilter.java:50)
	at org.mortbay.jetty.servlet.ServletHandler$CachedChain.doFilter(ServletHandler.java:1212)
	at com.km.common.filter.CharsetFilter.doFilter(CharsetFilter.java:27)
	at org.mortbay.jetty.servlet.ServletHandler$CachedChain.doFilter(ServletHandler.java:1212)
	at org.mortbay.jetty.servlet.ServletHandler.handle(ServletHandler.java:399)
	at org.mortbay.jetty.security.SecurityHandler.handle(SecurityHandler.java:216)
	at org.mortbay.jetty.servlet.SessionHandler.handle(SessionHandler.java:182)
	at org.mortbay.jetty.handler.ContextHandler.handle(ContextHandler.java:766)
	at org.mortbay.jetty.webapp.WebAppContext.handle(WebAppContext.java:450)
	at org.mortbay.jetty.handler.HandlerWrapper.handle(HandlerWrapper.java:152)
	at org.mortbay.jetty.Server.handle(Server.java:326)
	at org.mortbay.jetty.HttpConnection.handleRequest(HttpConnection.java:542)
	at org.mortbay.jetty.HttpConnection$RequestHandler.headerComplete(HttpConnection.java:928)
	at org.mortbay.jetty.HttpParser.parseNext(HttpParser.java:549)
	at org.mortbay.jetty.HttpParser.parseAvailable(HttpParser.java:212)
	at org.mortbay.jetty.HttpConnection.handle(HttpConnection.java:404)
	at org.mortbay.io.nio.SelectChannelEndPoint.run(SelectChannelEndPoint.java:410)
	at org.mortbay.thread.QueuedThreadPool$PoolThread.run(QueuedThreadPool.java:582)
2015-01-17 13:31:33  [ 1507687499@qtp-1854700674-2:77174 ] - [ ERROR ]  /index.jsp
java.lang.NullPointerException
	at org.apache.jsp.index_jsp._jspService(org.apache.jsp.index_jsp:75)
	at org.apache.jasper.runtime.HttpJspBase.service(HttpJspBase.java:93)
	at javax.servlet.http.HttpServlet.service(HttpServlet.java:790)
	at org.apache.jasper.servlet.JspServletWrapper.service(JspServletWrapper.java:373)
	at org.apache.jasper.servlet.JspServlet.serviceJspFile(JspServlet.java:470)
	at org.apache.jasper.servlet.JspServlet.service(JspServlet.java:364)
	at javax.servlet.http.HttpServlet.service(HttpServlet.java:790)
	at org.mortbay.jetty.servlet.ServletHolder.handle(ServletHolder.java:511)
	at org.mortbay.jetty.servlet.ServletHandler$CachedChain.doFilter(ServletHandler.java:1221)
	at com.bkl.chwl.servlet.RootFilter.doFilter(RootFilter.java:50)
	at org.mortbay.jetty.servlet.ServletHandler$CachedChain.doFilter(ServletHandler.java:1212)
	at com.km.common.filter.CharsetFilter.doFilter(CharsetFilter.java:27)
	at org.mortbay.jetty.servlet.ServletHandler$CachedChain.doFilter(ServletHandler.java:1212)
	at org.mortbay.jetty.servlet.ServletHandler.handle(ServletHandler.java:399)
	at org.mortbay.jetty.security.SecurityHandler.handle(SecurityHandler.java:216)
	at org.mortbay.jetty.servlet.SessionHandler.handle(SessionHandler.java:182)
	at org.mortbay.jetty.handler.ContextHandler.handle(ContextHandler.java:766)
	at org.mortbay.jetty.webapp.WebAppContext.handle(WebAppContext.java:450)
	at org.mortbay.jetty.handler.HandlerWrapper.handle(HandlerWrapper.java:152)
	at org.mortbay.jetty.Server.handle(Server.java:326)
	at org.mortbay.jetty.HttpConnection.handleRequest(HttpConnection.java:542)
	at org.mortbay.jetty.HttpConnection$RequestHandler.headerComplete(HttpConnection.java:928)
	at org.mortbay.jetty.HttpParser.parseNext(HttpParser.java:549)
	at org.mortbay.jetty.HttpParser.parseAvailable(HttpParser.java:212)
	at org.mortbay.jetty.HttpConnection.handle(HttpConnection.java:404)
	at org.mortbay.io.nio.SelectChannelEndPoint.run(SelectChannelEndPoint.java:410)
	at org.mortbay.thread.QueuedThreadPool$PoolThread.run(QueuedThreadPool.java:582)
2015-01-17 13:31:33  [ 1507687499@qtp-1854700674-2:77266 ] - [ ERROR ]  /index.jsp
java.lang.NullPointerException
	at org.apache.jsp.index_jsp._jspService(org.apache.jsp.index_jsp:75)
	at org.apache.jasper.runtime.HttpJspBase.service(HttpJspBase.java:93)
	at javax.servlet.http.HttpServlet.service(HttpServlet.java:790)
	at org.apache.jasper.servlet.JspServletWrapper.service(JspServletWrapper.java:373)
	at org.apache.jasper.servlet.JspServlet.serviceJspFile(JspServlet.java:470)
	at org.apache.jasper.servlet.JspServlet.service(JspServlet.java:364)
	at javax.servlet.http.HttpServlet.service(HttpServlet.java:790)
	at org.mortbay.jetty.servlet.ServletHolder.handle(ServletHolder.java:511)
	at org.mortbay.jetty.servlet.ServletHandler$CachedChain.doFilter(ServletHandler.java:1221)
	at com.bkl.chwl.servlet.RootFilter.doFilter(RootFilter.java:50)
	at org.mortbay.jetty.servlet.ServletHandler$CachedChain.doFilter(ServletHandler.java:1212)
	at com.km.common.filter.CharsetFilter.doFilter(CharsetFilter.java:27)
	at org.mortbay.jetty.servlet.ServletHandler$CachedChain.doFilter(ServletHandler.java:1212)
	at org.mortbay.jetty.servlet.ServletHandler.handle(ServletHandler.java:399)
	at org.mortbay.jetty.security.SecurityHandler.handle(SecurityHandler.java:216)
	at org.mortbay.jetty.servlet.SessionHandler.handle(SessionHandler.java:182)
	at org.mortbay.jetty.handler.ContextHandler.handle(ContextHandler.java:766)
	at org.mortbay.jetty.webapp.WebAppContext.handle(WebAppContext.java:450)
	at org.mortbay.jetty.handler.HandlerWrapper.handle(HandlerWrapper.java:152)
	at org.mortbay.jetty.Server.handle(Server.java:326)
	at org.mortbay.jetty.HttpConnection.handleRequest(HttpConnection.java:542)
	at org.mortbay.jetty.HttpConnection$RequestHandler.headerComplete(HttpConnection.java:928)
	at org.mortbay.jetty.HttpParser.parseNext(HttpParser.java:549)
	at org.mortbay.jetty.HttpParser.parseAvailable(HttpParser.java:212)
	at org.mortbay.jetty.HttpConnection.handle(HttpConnection.java:404)
	at org.mortbay.io.nio.SelectChannelEndPoint.run(SelectChannelEndPoint.java:410)
	at org.mortbay.thread.QueuedThreadPool$PoolThread.run(QueuedThreadPool.java:582)
2015-01-17 13:31:33  [ 1507687499@qtp-1854700674-2:77307 ] - [ ERROR ]  /index.jsp
java.lang.NullPointerException
	at org.apache.jsp.index_jsp._jspService(org.apache.jsp.index_jsp:75)
	at org.apache.jasper.runtime.HttpJspBase.service(HttpJspBase.java:93)
	at javax.servlet.http.HttpServlet.service(HttpServlet.java:790)
	at org.apache.jasper.servlet.JspServletWrapper.service(JspServletWrapper.java:373)
	at org.apache.jasper.servlet.JspServlet.serviceJspFile(JspServlet.java:470)
	at org.apache.jasper.servlet.JspServlet.service(JspServlet.java:364)
	at javax.servlet.http.HttpServlet.service(HttpServlet.java:790)
	at org.mortbay.jetty.servlet.ServletHolder.handle(ServletHolder.java:511)
	at org.mortbay.jetty.servlet.ServletHandler$CachedChain.doFilter(ServletHandler.java:1221)
	at com.bkl.chwl.servlet.RootFilter.doFilter(RootFilter.java:50)
	at org.mortbay.jetty.servlet.ServletHandler$CachedChain.doFilter(ServletHandler.java:1212)
	at com.km.common.filter.CharsetFilter.doFilter(CharsetFilter.java:27)
	at org.mortbay.jetty.servlet.ServletHandler$CachedChain.doFilter(ServletHandler.java:1212)
	at org.mortbay.jetty.servlet.ServletHandler.handle(ServletHandler.java:399)
	at org.mortbay.jetty.security.SecurityHandler.handle(SecurityHandler.java:216)
	at org.mortbay.jetty.servlet.SessionHandler.handle(SessionHandler.java:182)
	at org.mortbay.jetty.handler.ContextHandler.handle(ContextHandler.java:766)
	at org.mortbay.jetty.webapp.WebAppContext.handle(WebAppContext.java:450)
	at org.mortbay.jetty.handler.HandlerWrapper.handle(HandlerWrapper.java:152)
	at org.mortbay.jetty.Server.handle(Server.java:326)
	at org.mortbay.jetty.HttpConnection.handleRequest(HttpConnection.java:542)
	at org.mortbay.jetty.HttpConnection$RequestHandler.headerComplete(HttpConnection.java:928)
	at org.mortbay.jetty.HttpParser.parseNext(HttpParser.java:549)
	at org.mortbay.jetty.HttpParser.parseAvailable(HttpParser.java:212)
	at org.mortbay.jetty.HttpConnection.handle(HttpConnection.java:404)
	at org.mortbay.io.nio.SelectChannelEndPoint.run(SelectChannelEndPoint.java:410)
	at org.mortbay.thread.QueuedThreadPool$PoolThread.run(QueuedThreadPool.java:582)
2015-01-17 13:31:33  [ 1507687499@qtp-1854700674-2:77341 ] - [ ERROR ]  /index.jsp
java.lang.NullPointerException
	at org.apache.jsp.index_jsp._jspService(org.apache.jsp.index_jsp:75)
	at org.apache.jasper.runtime.HttpJspBase.service(HttpJspBase.java:93)
	at javax.servlet.http.HttpServlet.service(HttpServlet.java:790)
	at org.apache.jasper.servlet.JspServletWrapper.service(JspServletWrapper.java:373)
	at org.apache.jasper.servlet.JspServlet.serviceJspFile(JspServlet.java:470)
	at org.apache.jasper.servlet.JspServlet.service(JspServlet.java:364)
	at javax.servlet.http.HttpServlet.service(HttpServlet.java:790)
	at org.mortbay.jetty.servlet.ServletHolder.handle(ServletHolder.java:511)
	at org.mortbay.jetty.servlet.ServletHandler$CachedChain.doFilter(ServletHandler.java:1221)
	at com.bkl.chwl.servlet.RootFilter.doFilter(RootFilter.java:50)
	at org.mortbay.jetty.servlet.ServletHandler$CachedChain.doFilter(ServletHandler.java:1212)
	at com.km.common.filter.CharsetFilter.doFilter(CharsetFilter.java:27)
	at org.mortbay.jetty.servlet.ServletHandler$CachedChain.doFilter(ServletHandler.java:1212)
	at org.mortbay.jetty.servlet.ServletHandler.handle(ServletHandler.java:399)
	at org.mortbay.jetty.security.SecurityHandler.handle(SecurityHandler.java:216)
	at org.mortbay.jetty.servlet.SessionHandler.handle(SessionHandler.java:182)
	at org.mortbay.jetty.handler.ContextHandler.handle(ContextHandler.java:766)
	at org.mortbay.jetty.webapp.WebAppContext.handle(WebAppContext.java:450)
	at org.mortbay.jetty.handler.HandlerWrapper.handle(HandlerWrapper.java:152)
	at org.mortbay.jetty.Server.handle(Server.java:326)
	at org.mortbay.jetty.HttpConnection.handleRequest(HttpConnection.java:542)
	at org.mortbay.jetty.HttpConnection$RequestHandler.headerComplete(HttpConnection.java:928)
	at org.mortbay.jetty.HttpParser.parseNext(HttpParser.java:549)
	at org.mortbay.jetty.HttpParser.parseAvailable(HttpParser.java:212)
	at org.mortbay.jetty.HttpConnection.handle(HttpConnection.java:404)
	at org.mortbay.io.nio.SelectChannelEndPoint.run(SelectChannelEndPoint.java:410)
	at org.mortbay.thread.QueuedThreadPool$PoolThread.run(QueuedThreadPool.java:582)
2015-01-17 13:31:33  [ 1507687499@qtp-1854700674-2:77361 ] - [ ERROR ]  /index.jsp
java.lang.NullPointerException
	at org.apache.jsp.index_jsp._jspService(org.apache.jsp.index_jsp:75)
	at org.apache.jasper.runtime.HttpJspBase.service(HttpJspBase.java:93)
	at javax.servlet.http.HttpServlet.service(HttpServlet.java:790)
	at org.apache.jasper.servlet.JspServletWrapper.service(JspServletWrapper.java:373)
	at org.apache.jasper.servlet.JspServlet.serviceJspFile(JspServlet.java:470)
	at org.apache.jasper.servlet.JspServlet.service(JspServlet.java:364)
	at javax.servlet.http.HttpServlet.service(HttpServlet.java:790)
	at org.mortbay.jetty.servlet.ServletHolder.handle(ServletHolder.java:511)
	at org.mortbay.jetty.servlet.ServletHandler$CachedChain.doFilter(ServletHandler.java:1221)
	at com.bkl.chwl.servlet.RootFilter.doFilter(RootFilter.java:50)
	at org.mortbay.jetty.servlet.ServletHandler$CachedChain.doFilter(ServletHandler.java:1212)
	at com.km.common.filter.CharsetFilter.doFilter(CharsetFilter.java:27)
	at org.mortbay.jetty.servlet.ServletHandler$CachedChain.doFilter(ServletHandler.java:1212)
	at org.mortbay.jetty.servlet.ServletHandler.handle(ServletHandler.java:399)
	at org.mortbay.jetty.security.SecurityHandler.handle(SecurityHandler.java:216)
	at org.mortbay.jetty.servlet.SessionHandler.handle(SessionHandler.java:182)
	at org.mortbay.jetty.handler.ContextHandler.handle(ContextHandler.java:766)
	at org.mortbay.jetty.webapp.WebAppContext.handle(WebAppContext.java:450)
	at org.mortbay.jetty.handler.HandlerWrapper.handle(HandlerWrapper.java:152)
	at org.mortbay.jetty.Server.handle(Server.java:326)
	at org.mortbay.jetty.HttpConnection.handleRequest(HttpConnection.java:542)
	at org.mortbay.jetty.HttpConnection$RequestHandler.headerComplete(HttpConnection.java:928)
	at org.mortbay.jetty.HttpParser.parseNext(HttpParser.java:549)
	at org.mortbay.jetty.HttpParser.parseAvailable(HttpParser.java:212)
	at org.mortbay.jetty.HttpConnection.handle(HttpConnection.java:404)
	at org.mortbay.io.nio.SelectChannelEndPoint.run(SelectChannelEndPoint.java:410)
	at org.mortbay.thread.QueuedThreadPool$PoolThread.run(QueuedThreadPool.java:582)
2015-01-17 13:31:33  [ 1507687499@qtp-1854700674-2:77454 ] - [ ERROR ]  /index.jsp
java.lang.NullPointerException
	at org.apache.jsp.index_jsp._jspService(org.apache.jsp.index_jsp:75)
	at org.apache.jasper.runtime.HttpJspBase.service(HttpJspBase.java:93)
	at javax.servlet.http.HttpServlet.service(HttpServlet.java:790)
	at org.apache.jasper.servlet.JspServletWrapper.service(JspServletWrapper.java:373)
	at org.apache.jasper.servlet.JspServlet.serviceJspFile(JspServlet.java:470)
	at org.apache.jasper.servlet.JspServlet.service(JspServlet.java:364)
	at javax.servlet.http.HttpServlet.service(HttpServlet.java:790)
	at org.mortbay.jetty.servlet.ServletHolder.handle(ServletHolder.java:511)
	at org.mortbay.jetty.servlet.ServletHandler$CachedChain.doFilter(ServletHandler.java:1221)
	at com.bkl.chwl.servlet.RootFilter.doFilter(RootFilter.java:50)
	at org.mortbay.jetty.servlet.ServletHandler$CachedChain.doFilter(ServletHandler.java:1212)
	at com.km.common.filter.CharsetFilter.doFilter(CharsetFilter.java:27)
	at org.mortbay.jetty.servlet.ServletHandler$CachedChain.doFilter(ServletHandler.java:1212)
	at org.mortbay.jetty.servlet.ServletHandler.handle(ServletHandler.java:399)
	at org.mortbay.jetty.security.SecurityHandler.handle(SecurityHandler.java:216)
	at org.mortbay.jetty.servlet.SessionHandler.handle(SessionHandler.java:182)
	at org.mortbay.jetty.handler.ContextHandler.handle(ContextHandler.java:766)
	at org.mortbay.jetty.webapp.WebAppContext.handle(WebAppContext.java:450)
	at org.mortbay.jetty.handler.HandlerWrapper.handle(HandlerWrapper.java:152)
	at org.mortbay.jetty.Server.handle(Server.java:326)
	at org.mortbay.jetty.HttpConnection.handleRequest(HttpConnection.java:542)
	at org.mortbay.jetty.HttpConnection$RequestHandler.headerComplete(HttpConnection.java:928)
	at org.mortbay.jetty.HttpParser.parseNext(HttpParser.java:549)
	at org.mortbay.jetty.HttpParser.parseAvailable(HttpParser.java:212)
	at org.mortbay.jetty.HttpConnection.handle(HttpConnection.java:404)
	at org.mortbay.io.nio.SelectChannelEndPoint.run(SelectChannelEndPoint.java:410)
	at org.mortbay.thread.QueuedThreadPool$PoolThread.run(QueuedThreadPool.java:582)
2015-01-17 13:31:33  [ 1507687499@qtp-1854700674-2:77552 ] - [ ERROR ]  /index.jsp
java.lang.NullPointerException
	at org.apache.jsp.index_jsp._jspService(org.apache.jsp.index_jsp:75)
	at org.apache.jasper.runtime.HttpJspBase.service(HttpJspBase.java:93)
	at javax.servlet.http.HttpServlet.service(HttpServlet.java:790)
	at org.apache.jasper.servlet.JspServletWrapper.service(JspServletWrapper.java:373)
	at org.apache.jasper.servlet.JspServlet.serviceJspFile(JspServlet.java:470)
	at org.apache.jasper.servlet.JspServlet.service(JspServlet.java:364)
	at javax.servlet.http.HttpServlet.service(HttpServlet.java:790)
	at org.mortbay.jetty.servlet.ServletHolder.handle(ServletHolder.java:511)
	at org.mortbay.jetty.servlet.ServletHandler$CachedChain.doFilter(ServletHandler.java:1221)
	at com.bkl.chwl.servlet.RootFilter.doFilter(RootFilter.java:50)
	at org.mortbay.jetty.servlet.ServletHandler$CachedChain.doFilter(ServletHandler.java:1212)
	at com.km.common.filter.CharsetFilter.doFilter(CharsetFilter.java:27)
	at org.mortbay.jetty.servlet.ServletHandler$CachedChain.doFilter(ServletHandler.java:1212)
	at org.mortbay.jetty.servlet.ServletHandler.handle(ServletHandler.java:399)
	at org.mortbay.jetty.security.SecurityHandler.handle(SecurityHandler.java:216)
	at org.mortbay.jetty.servlet.SessionHandler.handle(SessionHandler.java:182)
	at org.mortbay.jetty.handler.ContextHandler.handle(ContextHandler.java:766)
	at org.mortbay.jetty.webapp.WebAppContext.handle(WebAppContext.java:450)
	at org.mortbay.jetty.handler.HandlerWrapper.handle(HandlerWrapper.java:152)
	at org.mortbay.jetty.Server.handle(Server.java:326)
	at org.mortbay.jetty.HttpConnection.handleRequest(HttpConnection.java:542)
	at org.mortbay.jetty.HttpConnection$RequestHandler.headerComplete(HttpConnection.java:928)
	at org.mortbay.jetty.HttpParser.parseNext(HttpParser.java:549)
	at org.mortbay.jetty.HttpParser.parseAvailable(HttpParser.java:212)
	at org.mortbay.jetty.HttpConnection.handle(HttpConnection.java:404)
	at org.mortbay.io.nio.SelectChannelEndPoint.run(SelectChannelEndPoint.java:410)
	at org.mortbay.thread.QueuedThreadPool$PoolThread.run(QueuedThreadPool.java:582)
2015-01-17 13:31:33  [ 1781471185@qtp-1854700674-3:77580 ] - [ ERROR ]  /index.jsp
java.lang.NullPointerException
	at org.apache.jsp.index_jsp._jspService(org.apache.jsp.index_jsp:75)
	at org.apache.jasper.runtime.HttpJspBase.service(HttpJspBase.java:93)
	at javax.servlet.http.HttpServlet.service(HttpServlet.java:790)
	at org.apache.jasper.servlet.JspServletWrapper.service(JspServletWrapper.java:373)
	at org.apache.jasper.servlet.JspServlet.serviceJspFile(JspServlet.java:470)
	at org.apache.jasper.servlet.JspServlet.service(JspServlet.java:364)
	at javax.servlet.http.HttpServlet.service(HttpServlet.java:790)
	at org.mortbay.jetty.servlet.ServletHolder.handle(ServletHolder.java:511)
	at org.mortbay.jetty.servlet.ServletHandler$CachedChain.doFilter(ServletHandler.java:1221)
	at com.bkl.chwl.servlet.RootFilter.doFilter(RootFilter.java:50)
	at org.mortbay.jetty.servlet.ServletHandler$CachedChain.doFilter(ServletHandler.java:1212)
	at com.km.common.filter.CharsetFilter.doFilter(CharsetFilter.java:27)
	at org.mortbay.jetty.servlet.ServletHandler$CachedChain.doFilter(ServletHandler.java:1212)
	at org.mortbay.jetty.servlet.ServletHandler.handle(ServletHandler.java:399)
	at org.mortbay.jetty.security.SecurityHandler.handle(SecurityHandler.java:216)
	at org.mortbay.jetty.servlet.SessionHandler.handle(SessionHandler.java:182)
	at org.mortbay.jetty.handler.ContextHandler.handle(ContextHandler.java:766)
	at org.mortbay.jetty.webapp.WebAppContext.handle(WebAppContext.java:450)
	at org.mortbay.jetty.handler.HandlerWrapper.handle(HandlerWrapper.java:152)
	at org.mortbay.jetty.Server.handle(Server.java:326)
	at org.mortbay.jetty.HttpConnection.handleRequest(HttpConnection.java:542)
	at org.mortbay.jetty.HttpConnection$RequestHandler.headerComplete(HttpConnection.java:928)
	at org.mortbay.jetty.HttpParser.parseNext(HttpParser.java:549)
	at org.mortbay.jetty.HttpParser.parseAvailable(HttpParser.java:212)
	at org.mortbay.jetty.HttpConnection.handle(HttpConnection.java:404)
	at org.mortbay.io.nio.SelectChannelEndPoint.run(SelectChannelEndPoint.java:410)
	at org.mortbay.thread.QueuedThreadPool$PoolThread.run(QueuedThreadPool.java:582)
2015-01-17 13:31:34  [ 1507687499@qtp-1854700674-2:77590 ] - [ ERROR ]  /index.jsp
java.lang.NullPointerException
	at org.apache.jsp.index_jsp._jspService(org.apache.jsp.index_jsp:75)
	at org.apache.jasper.runtime.HttpJspBase.service(HttpJspBase.java:93)
	at javax.servlet.http.HttpServlet.service(HttpServlet.java:790)
	at org.apache.jasper.servlet.JspServletWrapper.service(JspServletWrapper.java:373)
	at org.apache.jasper.servlet.JspServlet.serviceJspFile(JspServlet.java:470)
	at org.apache.jasper.servlet.JspServlet.service(JspServlet.java:364)
	at javax.servlet.http.HttpServlet.service(HttpServlet.java:790)
	at org.mortbay.jetty.servlet.ServletHolder.handle(ServletHolder.java:511)
	at org.mortbay.jetty.servlet.ServletHandler$CachedChain.doFilter(ServletHandler.java:1221)
	at com.bkl.chwl.servlet.RootFilter.doFilter(RootFilter.java:50)
	at org.mortbay.jetty.servlet.ServletHandler$CachedChain.doFilter(ServletHandler.java:1212)
	at com.km.common.filter.CharsetFilter.doFilter(CharsetFilter.java:27)
	at org.mortbay.jetty.servlet.ServletHandler$CachedChain.doFilter(ServletHandler.java:1212)
	at org.mortbay.jetty.servlet.ServletHandler.handle(ServletHandler.java:399)
	at org.mortbay.jetty.security.SecurityHandler.handle(SecurityHandler.java:216)
	at org.mortbay.jetty.servlet.SessionHandler.handle(SessionHandler.java:182)
	at org.mortbay.jetty.handler.ContextHandler.handle(ContextHandler.java:766)
	at org.mortbay.jetty.webapp.WebAppContext.handle(WebAppContext.java:450)
	at org.mortbay.jetty.handler.HandlerWrapper.handle(HandlerWrapper.java:152)
	at org.mortbay.jetty.Server.handle(Server.java:326)
	at org.mortbay.jetty.HttpConnection.handleRequest(HttpConnection.java:542)
	at org.mortbay.jetty.HttpConnection$RequestHandler.headerComplete(HttpConnection.java:928)
	at org.mortbay.jetty.HttpParser.parseNext(HttpParser.java:549)
	at org.mortbay.jetty.HttpParser.parseAvailable(HttpParser.java:212)
	at org.mortbay.jetty.HttpConnection.handle(HttpConnection.java:404)
	at org.mortbay.io.nio.SelectChannelEndPoint.run(SelectChannelEndPoint.java:410)
	at org.mortbay.thread.QueuedThreadPool$PoolThread.run(QueuedThreadPool.java:582)
2015-01-17 13:31:34  [ 1507687499@qtp-1854700674-2:77623 ] - [ ERROR ]  /index.jsp
java.lang.NullPointerException
	at org.apache.jsp.index_jsp._jspService(org.apache.jsp.index_jsp:75)
	at org.apache.jasper.runtime.HttpJspBase.service(HttpJspBase.java:93)
	at javax.servlet.http.HttpServlet.service(HttpServlet.java:790)
	at org.apache.jasper.servlet.JspServletWrapper.service(JspServletWrapper.java:373)
	at org.apache.jasper.servlet.JspServlet.serviceJspFile(JspServlet.java:470)
	at org.apache.jasper.servlet.JspServlet.service(JspServlet.java:364)
	at javax.servlet.http.HttpServlet.service(HttpServlet.java:790)
	at org.mortbay.jetty.servlet.ServletHolder.handle(ServletHolder.java:511)
	at org.mortbay.jetty.servlet.ServletHandler$CachedChain.doFilter(ServletHandler.java:1221)
	at com.bkl.chwl.servlet.RootFilter.doFilter(RootFilter.java:50)
	at org.mortbay.jetty.servlet.ServletHandler$CachedChain.doFilter(ServletHandler.java:1212)
	at com.km.common.filter.CharsetFilter.doFilter(CharsetFilter.java:27)
	at org.mortbay.jetty.servlet.ServletHandler$CachedChain.doFilter(ServletHandler.java:1212)
	at org.mortbay.jetty.servlet.ServletHandler.handle(ServletHandler.java:399)
	at org.mortbay.jetty.security.SecurityHandler.handle(SecurityHandler.java:216)
	at org.mortbay.jetty.servlet.SessionHandler.handle(SessionHandler.java:182)
	at org.mortbay.jetty.handler.ContextHandler.handle(ContextHandler.java:766)
	at org.mortbay.jetty.webapp.WebAppContext.handle(WebAppContext.java:450)
	at org.mortbay.jetty.handler.HandlerWrapper.handle(HandlerWrapper.java:152)
	at org.mortbay.jetty.Server.handle(Server.java:326)
	at org.mortbay.jetty.HttpConnection.handleRequest(HttpConnection.java:542)
	at org.mortbay.jetty.HttpConnection$RequestHandler.headerComplete(HttpConnection.java:928)
	at org.mortbay.jetty.HttpParser.parseNext(HttpParser.java:549)
	at org.mortbay.jetty.HttpParser.parseAvailable(HttpParser.java:212)
	at org.mortbay.jetty.HttpConnection.handle(HttpConnection.java:404)
	at org.mortbay.io.nio.SelectChannelEndPoint.run(SelectChannelEndPoint.java:410)
	at org.mortbay.thread.QueuedThreadPool$PoolThread.run(QueuedThreadPool.java:582)
2015-01-17 13:31:34  [ 1095134823@qtp-1854700674-0:77631 ] - [ ERROR ]  /index.jsp
java.lang.NullPointerException
	at org.apache.jsp.index_jsp._jspService(org.apache.jsp.index_jsp:75)
	at org.apache.jasper.runtime.HttpJspBase.service(HttpJspBase.java:93)
	at javax.servlet.http.HttpServlet.service(HttpServlet.java:790)
	at org.apache.jasper.servlet.JspServletWrapper.service(JspServletWrapper.java:373)
	at org.apache.jasper.servlet.JspServlet.serviceJspFile(JspServlet.java:470)
	at org.apache.jasper.servlet.JspServlet.service(JspServlet.java:364)
	at javax.servlet.http.HttpServlet.service(HttpServlet.java:790)
	at org.mortbay.jetty.servlet.ServletHolder.handle(ServletHolder.java:511)
	at org.mortbay.jetty.servlet.ServletHandler$CachedChain.doFilter(ServletHandler.java:1221)
	at com.bkl.chwl.servlet.RootFilter.doFilter(RootFilter.java:50)
	at org.mortbay.jetty.servlet.ServletHandler$CachedChain.doFilter(ServletHandler.java:1212)
	at com.km.common.filter.CharsetFilter.doFilter(CharsetFilter.java:27)
	at org.mortbay.jetty.servlet.ServletHandler$CachedChain.doFilter(ServletHandler.java:1212)
	at org.mortbay.jetty.servlet.ServletHandler.handle(ServletHandler.java:399)
	at org.mortbay.jetty.security.SecurityHandler.handle(SecurityHandler.java:216)
	at org.mortbay.jetty.servlet.SessionHandler.handle(SessionHandler.java:182)
	at org.mortbay.jetty.handler.ContextHandler.handle(ContextHandler.java:766)
	at org.mortbay.jetty.webapp.WebAppContext.handle(WebAppContext.java:450)
	at org.mortbay.jetty.handler.HandlerWrapper.handle(HandlerWrapper.java:152)
	at org.mortbay.jetty.Server.handle(Server.java:326)
	at org.mortbay.jetty.HttpConnection.handleRequest(HttpConnection.java:542)
	at org.mortbay.jetty.HttpConnection$RequestHandler.headerComplete(HttpConnection.java:928)
	at org.mortbay.jetty.HttpParser.parseNext(HttpParser.java:549)
	at org.mortbay.jetty.HttpParser.parseAvailable(HttpParser.java:212)
	at org.mortbay.jetty.HttpConnection.handle(HttpConnection.java:404)
	at org.mortbay.io.nio.SelectChannelEndPoint.run(SelectChannelEndPoint.java:410)
	at org.mortbay.thread.QueuedThreadPool$PoolThread.run(QueuedThreadPool.java:582)
2015-01-17 13:31:34  [ 1095134823@qtp-1854700674-0:77665 ] - [ ERROR ]  /index.jsp
java.lang.NullPointerException
	at org.apache.jsp.index_jsp._jspService(org.apache.jsp.index_jsp:75)
	at org.apache.jasper.runtime.HttpJspBase.service(HttpJspBase.java:93)
	at javax.servlet.http.HttpServlet.service(HttpServlet.java:790)
	at org.apache.jasper.servlet.JspServletWrapper.service(JspServletWrapper.java:373)
	at org.apache.jasper.servlet.JspServlet.serviceJspFile(JspServlet.java:470)
	at org.apache.jasper.servlet.JspServlet.service(JspServlet.java:364)
	at javax.servlet.http.HttpServlet.service(HttpServlet.java:790)
	at org.mortbay.jetty.servlet.ServletHolder.handle(ServletHolder.java:511)
	at org.mortbay.jetty.servlet.ServletHandler$CachedChain.doFilter(ServletHandler.java:1221)
	at com.bkl.chwl.servlet.RootFilter.doFilter(RootFilter.java:50)
	at org.mortbay.jetty.servlet.ServletHandler$CachedChain.doFilter(ServletHandler.java:1212)
	at com.km.common.filter.CharsetFilter.doFilter(CharsetFilter.java:27)
	at org.mortbay.jetty.servlet.ServletHandler$CachedChain.doFilter(ServletHandler.java:1212)
	at org.mortbay.jetty.servlet.ServletHandler.handle(ServletHandler.java:399)
	at org.mortbay.jetty.security.SecurityHandler.handle(SecurityHandler.java:216)
	at org.mortbay.jetty.servlet.SessionHandler.handle(SessionHandler.java:182)
	at org.mortbay.jetty.handler.ContextHandler.handle(ContextHandler.java:766)
	at org.mortbay.jetty.webapp.WebAppContext.handle(WebAppContext.java:450)
	at org.mortbay.jetty.handler.HandlerWrapper.handle(HandlerWrapper.java:152)
	at org.mortbay.jetty.Server.handle(Server.java:326)
	at org.mortbay.jetty.HttpConnection.handleRequest(HttpConnection.java:542)
	at org.mortbay.jetty.HttpConnection$RequestHandler.headerComplete(HttpConnection.java:928)
	at org.mortbay.jetty.HttpParser.parseNext(HttpParser.java:549)
	at org.mortbay.jetty.HttpParser.parseAvailable(HttpParser.java:212)
	at org.mortbay.jetty.HttpConnection.handle(HttpConnection.java:404)
	at org.mortbay.io.nio.SelectChannelEndPoint.run(SelectChannelEndPoint.java:410)
	at org.mortbay.thread.QueuedThreadPool$PoolThread.run(QueuedThreadPool.java:582)
2015-01-17 13:31:34  [ 1095134823@qtp-1854700674-0:77756 ] - [ ERROR ]  /index.jsp
java.lang.NullPointerException
	at org.apache.jsp.index_jsp._jspService(org.apache.jsp.index_jsp:75)
	at org.apache.jasper.runtime.HttpJspBase.service(HttpJspBase.java:93)
	at javax.servlet.http.HttpServlet.service(HttpServlet.java:790)
	at org.apache.jasper.servlet.JspServletWrapper.service(JspServletWrapper.java:373)
	at org.apache.jasper.servlet.JspServlet.serviceJspFile(JspServlet.java:470)
	at org.apache.jasper.servlet.JspServlet.service(JspServlet.java:364)
	at javax.servlet.http.HttpServlet.service(HttpServlet.java:790)
	at org.mortbay.jetty.servlet.ServletHolder.handle(ServletHolder.java:511)
	at org.mortbay.jetty.servlet.ServletHandler$CachedChain.doFilter(ServletHandler.java:1221)
	at com.bkl.chwl.servlet.RootFilter.doFilter(RootFilter.java:50)
	at org.mortbay.jetty.servlet.ServletHandler$CachedChain.doFilter(ServletHandler.java:1212)
	at com.km.common.filter.CharsetFilter.doFilter(CharsetFilter.java:27)
	at org.mortbay.jetty.servlet.ServletHandler$CachedChain.doFilter(ServletHandler.java:1212)
	at org.mortbay.jetty.servlet.ServletHandler.handle(ServletHandler.java:399)
	at org.mortbay.jetty.security.SecurityHandler.handle(SecurityHandler.java:216)
	at org.mortbay.jetty.servlet.SessionHandler.handle(SessionHandler.java:182)
	at org.mortbay.jetty.handler.ContextHandler.handle(ContextHandler.java:766)
	at org.mortbay.jetty.webapp.WebAppContext.handle(WebAppContext.java:450)
	at org.mortbay.jetty.handler.HandlerWrapper.handle(HandlerWrapper.java:152)
	at org.mortbay.jetty.Server.handle(Server.java:326)
	at org.mortbay.jetty.HttpConnection.handleRequest(HttpConnection.java:542)
	at org.mortbay.jetty.HttpConnection$RequestHandler.headerComplete(HttpConnection.java:928)
	at org.mortbay.jetty.HttpParser.parseNext(HttpParser.java:549)
	at org.mortbay.jetty.HttpParser.parseAvailable(HttpParser.java:212)
	at org.mortbay.jetty.HttpConnection.handle(HttpConnection.java:404)
	at org.mortbay.io.nio.SelectChannelEndPoint.run(SelectChannelEndPoint.java:410)
	at org.mortbay.thread.QueuedThreadPool$PoolThread.run(QueuedThreadPool.java:582)
2015-01-17 13:31:34  [ 1095134823@qtp-1854700674-0:77790 ] - [ ERROR ]  /index.jsp
java.lang.NullPointerException
	at org.apache.jsp.index_jsp._jspService(org.apache.jsp.index_jsp:75)
	at org.apache.jasper.runtime.HttpJspBase.service(HttpJspBase.java:93)
	at javax.servlet.http.HttpServlet.service(HttpServlet.java:790)
	at org.apache.jasper.servlet.JspServletWrapper.service(JspServletWrapper.java:373)
	at org.apache.jasper.servlet.JspServlet.serviceJspFile(JspServlet.java:470)
	at org.apache.jasper.servlet.JspServlet.service(JspServlet.java:364)
	at javax.servlet.http.HttpServlet.service(HttpServlet.java:790)
	at org.mortbay.jetty.servlet.ServletHolder.handle(ServletHolder.java:511)
	at org.mortbay.jetty.servlet.ServletHandler$CachedChain.doFilter(ServletHandler.java:1221)
	at com.bkl.chwl.servlet.RootFilter.doFilter(RootFilter.java:50)
	at org.mortbay.jetty.servlet.ServletHandler$CachedChain.doFilter(ServletHandler.java:1212)
	at com.km.common.filter.CharsetFilter.doFilter(CharsetFilter.java:27)
	at org.mortbay.jetty.servlet.ServletHandler$CachedChain.doFilter(ServletHandler.java:1212)
	at org.mortbay.jetty.servlet.ServletHandler.handle(ServletHandler.java:399)
	at org.mortbay.jetty.security.SecurityHandler.handle(SecurityHandler.java:216)
	at org.mortbay.jetty.servlet.SessionHandler.handle(SessionHandler.java:182)
	at org.mortbay.jetty.handler.ContextHandler.handle(ContextHandler.java:766)
	at org.mortbay.jetty.webapp.WebAppContext.handle(WebAppContext.java:450)
	at org.mortbay.jetty.handler.HandlerWrapper.handle(HandlerWrapper.java:152)
	at org.mortbay.jetty.Server.handle(Server.java:326)
	at org.mortbay.jetty.HttpConnection.handleRequest(HttpConnection.java:542)
	at org.mortbay.jetty.HttpConnection$RequestHandler.headerComplete(HttpConnection.java:928)
	at org.mortbay.jetty.HttpParser.parseNext(HttpParser.java:549)
	at org.mortbay.jetty.HttpParser.parseAvailable(HttpParser.java:212)
	at org.mortbay.jetty.HttpConnection.handle(HttpConnection.java:404)
	at org.mortbay.io.nio.SelectChannelEndPoint.run(SelectChannelEndPoint.java:410)
	at org.mortbay.thread.QueuedThreadPool$PoolThread.run(QueuedThreadPool.java:582)
2015-01-17 13:31:34  [ 1095134823@qtp-1854700674-0:77818 ] - [ ERROR ]  /index.jsp
java.lang.NullPointerException
	at org.apache.jsp.index_jsp._jspService(org.apache.jsp.index_jsp:75)
	at org.apache.jasper.runtime.HttpJspBase.service(HttpJspBase.java:93)
	at javax.servlet.http.HttpServlet.service(HttpServlet.java:790)
	at org.apache.jasper.servlet.JspServletWrapper.service(JspServletWrapper.java:373)
	at org.apache.jasper.servlet.JspServlet.serviceJspFile(JspServlet.java:470)
	at org.apache.jasper.servlet.JspServlet.service(JspServlet.java:364)
	at javax.servlet.http.HttpServlet.service(HttpServlet.java:790)
	at org.mortbay.jetty.servlet.ServletHolder.handle(ServletHolder.java:511)
	at org.mortbay.jetty.servlet.ServletHandler$CachedChain.doFilter(ServletHandler.java:1221)
	at com.bkl.chwl.servlet.RootFilter.doFilter(RootFilter.java:50)
	at org.mortbay.jetty.servlet.ServletHandler$CachedChain.doFilter(ServletHandler.java:1212)
	at com.km.common.filter.CharsetFilter.doFilter(CharsetFilter.java:27)
	at org.mortbay.jetty.servlet.ServletHandler$CachedChain.doFilter(ServletHandler.java:1212)
	at org.mortbay.jetty.servlet.ServletHandler.handle(ServletHandler.java:399)
	at org.mortbay.jetty.security.SecurityHandler.handle(SecurityHandler.java:216)
	at org.mortbay.jetty.servlet.SessionHandler.handle(SessionHandler.java:182)
	at org.mortbay.jetty.handler.ContextHandler.handle(ContextHandler.java:766)
	at org.mortbay.jetty.webapp.WebAppContext.handle(WebAppContext.java:450)
	at org.mortbay.jetty.handler.HandlerWrapper.handle(HandlerWrapper.java:152)
	at org.mortbay.jetty.Server.handle(Server.java:326)
	at org.mortbay.jetty.HttpConnection.handleRequest(HttpConnection.java:542)
	at org.mortbay.jetty.HttpConnection$RequestHandler.headerComplete(HttpConnection.java:928)
	at org.mortbay.jetty.HttpParser.parseNext(HttpParser.java:549)
	at org.mortbay.jetty.HttpParser.parseAvailable(HttpParser.java:212)
	at org.mortbay.jetty.HttpConnection.handle(HttpConnection.java:404)
	at org.mortbay.io.nio.SelectChannelEndPoint.run(SelectChannelEndPoint.java:410)
	at org.mortbay.thread.QueuedThreadPool$PoolThread.run(QueuedThreadPool.java:582)
2015-01-17 13:31:53  [ 1095134823@qtp-1854700674-0:96721 ] - [ WARN ]  Error compiling file: C:\Users\mao\AppData\Local\Temp\Jetty_0_0_0_0_12000_webapp____8uq22t\jsp\org\apache\jsp\index_jsp.java
2015-01-17 13:31:53  [ 1095134823@qtp-1854700674-0:96731 ] - [ WARN ]  /index.jsp
org.apache.jasper.JasperException: PWC6033: Unable to compile class for JSP

PWC6197: An error occurred at line: 70 in the jsp file: /index.jsp
PWC6199: Generated servlet error:
profile cannot be resolved


	at org.apache.jasper.compiler.DefaultErrorHandler.javacError(DefaultErrorHandler.java:107)
	at org.apache.jasper.compiler.ErrorDispatcher.javacError(ErrorDispatcher.java:280)
	at org.apache.jasper.compiler.Compiler.generateClass(Compiler.java:350)
	at org.apache.jasper.compiler.Compiler.compile(Compiler.java:411)
	at org.apache.jasper.JspCompilationContext.compile(JspCompilationContext.java:592)
	at org.apache.jasper.servlet.JspServletWrapper.service(JspServletWrapper.java:344)
	at org.apache.jasper.servlet.JspServlet.serviceJspFile(JspServlet.java:470)
	at org.apache.jasper.servlet.JspServlet.service(JspServlet.java:364)
	at javax.servlet.http.HttpServlet.service(HttpServlet.java:790)
	at org.mortbay.jetty.servlet.ServletHolder.handle(ServletHolder.java:511)
	at org.mortbay.jetty.servlet.ServletHandler$CachedChain.doFilter(ServletHandler.java:1221)
	at com.bkl.chwl.servlet.RootFilter.doFilter(RootFilter.java:50)
	at org.mortbay.jetty.servlet.ServletHandler$CachedChain.doFilter(ServletHandler.java:1212)
	at com.km.common.filter.CharsetFilter.doFilter(CharsetFilter.java:27)
	at org.mortbay.jetty.servlet.ServletHandler$CachedChain.doFilter(ServletHandler.java:1212)
	at org.mortbay.jetty.servlet.ServletHandler.handle(ServletHandler.java:399)
	at org.mortbay.jetty.security.SecurityHandler.handle(SecurityHandler.java:216)
	at org.mortbay.jetty.servlet.SessionHandler.handle(SessionHandler.java:182)
	at org.mortbay.jetty.handler.ContextHandler.handle(ContextHandler.java:766)
	at org.mortbay.jetty.webapp.WebAppContext.handle(WebAppContext.java:450)
	at org.mortbay.jetty.handler.HandlerWrapper.handle(HandlerWrapper.java:152)
	at org.mortbay.jetty.Server.handle(Server.java:326)
	at org.mortbay.jetty.HttpConnection.handleRequest(HttpConnection.java:542)
	at org.mortbay.jetty.HttpConnection$RequestHandler.headerComplete(HttpConnection.java:928)
	at org.mortbay.jetty.HttpParser.parseNext(HttpParser.java:549)
	at org.mortbay.jetty.HttpParser.parseAvailable(HttpParser.java:212)
	at org.mortbay.jetty.HttpConnection.handle(HttpConnection.java:404)
	at org.mortbay.io.nio.SelectChannelEndPoint.run(SelectChannelEndPoint.java:410)
	at org.mortbay.thread.QueuedThreadPool$PoolThread.run(QueuedThreadPool.java:582)
2015-01-17 13:32:00  [ 1507687499@qtp-1854700674-2:103782 ] - [ ERROR ]  /index.jsp
java.lang.NullPointerException
	at org.apache.jsp.index_jsp._jspService(org.apache.jsp.index_jsp:75)
	at org.apache.jasper.runtime.HttpJspBase.service(HttpJspBase.java:93)
	at javax.servlet.http.HttpServlet.service(HttpServlet.java:790)
	at org.apache.jasper.servlet.JspServletWrapper.service(JspServletWrapper.java:373)
	at org.apache.jasper.servlet.JspServlet.serviceJspFile(JspServlet.java:470)
	at org.apache.jasper.servlet.JspServlet.service(JspServlet.java:364)
	at javax.servlet.http.HttpServlet.service(HttpServlet.java:790)
	at org.mortbay.jetty.servlet.ServletHolder.handle(ServletHolder.java:511)
	at org.mortbay.jetty.servlet.ServletHandler$CachedChain.doFilter(ServletHandler.java:1221)
	at com.bkl.chwl.servlet.RootFilter.doFilter(RootFilter.java:50)
	at org.mortbay.jetty.servlet.ServletHandler$CachedChain.doFilter(ServletHandler.java:1212)
	at com.km.common.filter.CharsetFilter.doFilter(CharsetFilter.java:27)
	at org.mortbay.jetty.servlet.ServletHandler$CachedChain.doFilter(ServletHandler.java:1212)
	at org.mortbay.jetty.servlet.ServletHandler.handle(ServletHandler.java:399)
	at org.mortbay.jetty.security.SecurityHandler.handle(SecurityHandler.java:216)
	at org.mortbay.jetty.servlet.SessionHandler.handle(SessionHandler.java:182)
	at org.mortbay.jetty.handler.ContextHandler.handle(ContextHandler.java:766)
	at org.mortbay.jetty.webapp.WebAppContext.handle(WebAppContext.java:450)
	at org.mortbay.jetty.handler.HandlerWrapper.handle(HandlerWrapper.java:152)
	at org.mortbay.jetty.Server.handle(Server.java:326)
	at org.mortbay.jetty.HttpConnection.handleRequest(HttpConnection.java:542)
	at org.mortbay.jetty.HttpConnection$RequestHandler.headerComplete(HttpConnection.java:928)
	at org.mortbay.jetty.HttpParser.parseNext(HttpParser.java:549)
	at org.mortbay.jetty.HttpParser.parseAvailable(HttpParser.java:212)
	at org.mortbay.jetty.HttpConnection.handle(HttpConnection.java:404)
	at org.mortbay.io.nio.SelectChannelEndPoint.run(SelectChannelEndPoint.java:410)
	at org.mortbay.thread.QueuedThreadPool$PoolThread.run(QueuedThreadPool.java:582)
2015-01-17 13:32:01  [ 1507687499@qtp-1854700674-2:104825 ] - [ ERROR ]  /index.jsp
java.lang.NullPointerException
	at org.apache.jsp.index_jsp._jspService(org.apache.jsp.index_jsp:75)
	at org.apache.jasper.runtime.HttpJspBase.service(HttpJspBase.java:93)
	at javax.servlet.http.HttpServlet.service(HttpServlet.java:790)
	at org.apache.jasper.servlet.JspServletWrapper.service(JspServletWrapper.java:373)
	at org.apache.jasper.servlet.JspServlet.serviceJspFile(JspServlet.java:470)
	at org.apache.jasper.servlet.JspServlet.service(JspServlet.java:364)
	at javax.servlet.http.HttpServlet.service(HttpServlet.java:790)
	at org.mortbay.jetty.servlet.ServletHolder.handle(ServletHolder.java:511)
	at org.mortbay.jetty.servlet.ServletHandler$CachedChain.doFilter(ServletHandler.java:1221)
	at com.bkl.chwl.servlet.RootFilter.doFilter(RootFilter.java:50)
	at org.mortbay.jetty.servlet.ServletHandler$CachedChain.doFilter(ServletHandler.java:1212)
	at com.km.common.filter.CharsetFilter.doFilter(CharsetFilter.java:27)
	at org.mortbay.jetty.servlet.ServletHandler$CachedChain.doFilter(ServletHandler.java:1212)
	at org.mortbay.jetty.servlet.ServletHandler.handle(ServletHandler.java:399)
	at org.mortbay.jetty.security.SecurityHandler.handle(SecurityHandler.java:216)
	at org.mortbay.jetty.servlet.SessionHandler.handle(SessionHandler.java:182)
	at org.mortbay.jetty.handler.ContextHandler.handle(ContextHandler.java:766)
	at org.mortbay.jetty.webapp.WebAppContext.handle(WebAppContext.java:450)
	at org.mortbay.jetty.handler.HandlerWrapper.handle(HandlerWrapper.java:152)
	at org.mortbay.jetty.Server.handle(Server.java:326)
	at org.mortbay.jetty.HttpConnection.handleRequest(HttpConnection.java:542)
	at org.mortbay.jetty.HttpConnection$RequestHandler.headerComplete(HttpConnection.java:928)
	at org.mortbay.jetty.HttpParser.parseNext(HttpParser.java:549)
	at org.mortbay.jetty.HttpParser.parseAvailable(HttpParser.java:212)
	at org.mortbay.jetty.HttpConnection.handle(HttpConnection.java:404)
	at org.mortbay.io.nio.SelectChannelEndPoint.run(SelectChannelEndPoint.java:410)
	at org.mortbay.thread.QueuedThreadPool$PoolThread.run(QueuedThreadPool.java:582)
2015-01-17 13:32:37  [ 1507687499@qtp-1854700674-2:140671 ] - [ ERROR ]  /index.jsp
java.lang.NullPointerException
	at org.apache.jsp.index_jsp._jspService(org.apache.jsp.index_jsp:75)
	at org.apache.jasper.runtime.HttpJspBase.service(HttpJspBase.java:93)
	at javax.servlet.http.HttpServlet.service(HttpServlet.java:790)
	at org.apache.jasper.servlet.JspServletWrapper.service(JspServletWrapper.java:373)
	at org.apache.jasper.servlet.JspServlet.serviceJspFile(JspServlet.java:470)
	at org.apache.jasper.servlet.JspServlet.service(JspServlet.java:364)
	at javax.servlet.http.HttpServlet.service(HttpServlet.java:790)
	at org.mortbay.jetty.servlet.ServletHolder.handle(ServletHolder.java:511)
	at org.mortbay.jetty.servlet.ServletHandler$CachedChain.doFilter(ServletHandler.java:1221)
	at com.bkl.chwl.servlet.RootFilter.doFilter(RootFilter.java:50)
	at org.mortbay.jetty.servlet.ServletHandler$CachedChain.doFilter(ServletHandler.java:1212)
	at com.km.common.filter.CharsetFilter.doFilter(CharsetFilter.java:27)
	at org.mortbay.jetty.servlet.ServletHandler$CachedChain.doFilter(ServletHandler.java:1212)
	at org.mortbay.jetty.servlet.ServletHandler.handle(ServletHandler.java:399)
	at org.mortbay.jetty.security.SecurityHandler.handle(SecurityHandler.java:216)
	at org.mortbay.jetty.servlet.SessionHandler.handle(SessionHandler.java:182)
	at org.mortbay.jetty.handler.ContextHandler.handle(ContextHandler.java:766)
	at org.mortbay.jetty.webapp.WebAppContext.handle(WebAppContext.java:450)
	at org.mortbay.jetty.handler.HandlerWrapper.handle(HandlerWrapper.java:152)
	at org.mortbay.jetty.Server.handle(Server.java:326)
	at org.mortbay.jetty.HttpConnection.handleRequest(HttpConnection.java:542)
	at org.mortbay.jetty.HttpConnection$RequestHandler.headerComplete(HttpConnection.java:928)
	at org.mortbay.jetty.HttpParser.parseNext(HttpParser.java:549)
	at org.mortbay.jetty.HttpParser.parseAvailable(HttpParser.java:212)
	at org.mortbay.jetty.HttpConnection.handle(HttpConnection.java:404)
	at org.mortbay.io.nio.SelectChannelEndPoint.run(SelectChannelEndPoint.java:410)
	at org.mortbay.thread.QueuedThreadPool$PoolThread.run(QueuedThreadPool.java:582)
2015-01-17 13:33:17  [ 1507687499@qtp-1854700674-2:181440 ] - [ WARN ]  Tried to assign property errcode:java.lang.Integer to bean of class com.bkl.chwl.entity.Weixin
2015-01-17 13:33:17  [ 1507687499@qtp-1854700674-2:181441 ] - [ WARN ]  Tried to assign property errmsg:java.lang.String to bean of class com.bkl.chwl.entity.Weixin
2015-01-17 13:51:12  [ 677929052@qtp-1854700674-4:1255850 ] - [ INFO ]  user: 18688164055 login, ip address: 0:0:0:0:0:0:0:1
2015-01-17 13:51:17  [ 628149602@qtp-1854700674-7:1261442 ] - [ INFO ]  user: 18688164055 login, ip address: 0:0:0:0:0:0:0:1
2015-01-17 13:51:18  [ 956099114@qtp-1854700674-8:1262346 ] - [ INFO ]  user: 18688164055 login, ip address: 0:0:0:0:0:0:0:1
2015-01-17 13:51:18  [ 1293228337@qtp-1854700674-9:1262522 ] - [ INFO ]  user: 18688164055 login, ip address: 0:0:0:0:0:0:0:1
2015-01-17 13:51:19  [ 973807060@qtp-1854700674-10:1262698 ] - [ INFO ]  user: 18688164055 login, ip address: 0:0:0:0:0:0:0:1
2015-01-17 13:51:19  [ 1410778790@qtp-1854700674-11:1262874 ] - [ INFO ]  user: 18688164055 login, ip address: 0:0:0:0:0:0:0:1
2015-01-17 13:51:19  [ 677929052@qtp-1854700674-4:1263041 ] - [ INFO ]  user: 18688164055 login, ip address: 0:0:0:0:0:0:0:1
2015-01-17 13:58:32  [ 973807060@qtp-1854700674-10:1696011 ] - [ INFO ]  user: 18688164100 login, ip address: 0:0:0:0:0:0:0:1
2015-01-17 13:59:18  [ 1584978228@qtp-1854700674-14:1741622 ] - [ INFO ]  user: 18688164100 login, ip address: 0:0:0:0:0:0:0:1
2015-01-17 22:39:40  [ 617949194@qtp-1854700674-46:32964133 ] - [ INFO ]  I/O exception (java.net.NoRouteToHostException) caught when connecting to {}->http://123.57.67.98:8081: No route to host: connect
2015-01-17 22:39:40  [ 617949194@qtp-1854700674-46:32964133 ] - [ INFO ]  Retrying connect to {}->http://123.57.67.98:8081
2015-01-17 22:39:40  [ 617949194@qtp-1854700674-46:32964133 ] - [ INFO ]  I/O exception (java.net.NoRouteToHostException) caught when connecting to {}->http://123.57.67.98:8081: No route to host: connect
2015-01-17 22:39:40  [ 617949194@qtp-1854700674-46:32964134 ] - [ INFO ]  Retrying connect to {}->http://123.57.67.98:8081
2015-01-17 22:39:40  [ 617949194@qtp-1854700674-46:32964134 ] - [ INFO ]  I/O exception (java.net.NoRouteToHostException) caught when connecting to {}->http://123.57.67.98:8081: No route to host: connect
2015-01-17 22:39:40  [ 617949194@qtp-1854700674-46:32964134 ] - [ INFO ]  Retrying connect to {}->http://123.57.67.98:8081
2015-01-17 22:39:40  [ 617949194@qtp-1854700674-46:32964134 ] - [ INFO ]  query remote userinfo data error, uid=1002
2015-01-17 22:39:47  [ 566023478@qtp-1854700674-44:32971260 ] - [ INFO ]  I/O exception (java.net.NoRouteToHostException) caught when connecting to {}->http://123.57.67.98:8081: No route to host: connect
2015-01-17 22:39:47  [ 566023478@qtp-1854700674-44:32971260 ] - [ INFO ]  Retrying connect to {}->http://123.57.67.98:8081
2015-01-17 22:39:47  [ 566023478@qtp-1854700674-44:32971261 ] - [ INFO ]  I/O exception (java.net.NoRouteToHostException) caught when connecting to {}->http://123.57.67.98:8081: No route to host: connect
2015-01-17 22:39:47  [ 566023478@qtp-1854700674-44:32971261 ] - [ INFO ]  Retrying connect to {}->http://123.57.67.98:8081
2015-01-17 22:39:47  [ 566023478@qtp-1854700674-44:32971261 ] - [ INFO ]  I/O exception (java.net.NoRouteToHostException) caught when connecting to {}->http://123.57.67.98:8081: No route to host: connect
2015-01-17 22:39:47  [ 566023478@qtp-1854700674-44:32971261 ] - [ INFO ]  Retrying connect to {}->http://123.57.67.98:8081
2015-01-17 22:39:47  [ 566023478@qtp-1854700674-44:32971262 ] - [ INFO ]  query remote userinfo data error, uid=1002
2015-01-17 22:39:56  [ 566023478@qtp-1854700674-44:32979783 ] - [ INFO ]  I/O exception (java.net.NoRouteToHostException) caught when connecting to {}->http://123.57.67.98:8081: No route to host: connect
2015-01-17 22:39:56  [ 566023478@qtp-1854700674-44:32979783 ] - [ INFO ]  Retrying connect to {}->http://123.57.67.98:8081
2015-01-17 22:39:56  [ 566023478@qtp-1854700674-44:32979783 ] - [ INFO ]  I/O exception (java.net.NoRouteToHostException) caught when connecting to {}->http://123.57.67.98:8081: No route to host: connect
2015-01-17 22:39:56  [ 566023478@qtp-1854700674-44:32979784 ] - [ INFO ]  Retrying connect to {}->http://123.57.67.98:8081
2015-01-17 22:39:56  [ 566023478@qtp-1854700674-44:32979784 ] - [ INFO ]  I/O exception (java.net.NoRouteToHostException) caught when connecting to {}->http://123.57.67.98:8081: No route to host: connect
2015-01-17 22:39:56  [ 566023478@qtp-1854700674-44:32979784 ] - [ INFO ]  Retrying connect to {}->http://123.57.67.98:8081
2015-01-17 22:39:56  [ 566023478@qtp-1854700674-44:32979784 ] - [ INFO ]  query remote userinfo data error, uid=1002
2015-01-17 22:40:05  [ 566023478@qtp-1854700674-44:32989495 ] - [ INFO ]  I/O exception (java.net.NoRouteToHostException) caught when connecting to {}->http://123.57.67.98:8081: No route to host: connect
2015-01-17 22:40:05  [ 566023478@qtp-1854700674-44:32989495 ] - [ INFO ]  Retrying connect to {}->http://123.57.67.98:8081
2015-01-17 22:40:05  [ 566023478@qtp-1854700674-44:32989495 ] - [ INFO ]  I/O exception (java.net.NoRouteToHostException) caught when connecting to {}->http://123.57.67.98:8081: No route to host: connect
2015-01-17 22:40:05  [ 566023478@qtp-1854700674-44:32989495 ] - [ INFO ]  Retrying connect to {}->http://123.57.67.98:8081
2015-01-17 22:40:05  [ 566023478@qtp-1854700674-44:32989496 ] - [ INFO ]  I/O exception (java.net.NoRouteToHostException) caught when connecting to {}->http://123.57.67.98:8081: No route to host: connect
2015-01-17 22:40:05  [ 566023478@qtp-1854700674-44:32989496 ] - [ INFO ]  Retrying connect to {}->http://123.57.67.98:8081
2015-01-17 22:40:05  [ 566023478@qtp-1854700674-44:32989496 ] - [ INFO ]  query remote userinfo data error, uid=1002
2015-01-17 22:40:15  [ 566023478@qtp-1854700674-44:32999499 ] - [ INFO ]  I/O exception (java.net.NoRouteToHostException) caught when connecting to {}->http://123.57.67.98:8081: No route to host: connect
2015-01-17 22:40:15  [ 566023478@qtp-1854700674-44:32999500 ] - [ INFO ]  Retrying connect to {}->http://123.57.67.98:8081
2015-01-17 22:40:15  [ 566023478@qtp-1854700674-44:32999500 ] - [ INFO ]  I/O exception (java.net.NoRouteToHostException) caught when connecting to {}->http://123.57.67.98:8081: No route to host: connect
2015-01-17 22:40:15  [ 566023478@qtp-1854700674-44:32999500 ] - [ INFO ]  Retrying connect to {}->http://123.57.67.98:8081
2015-01-17 22:40:15  [ 566023478@qtp-1854700674-44:32999500 ] - [ INFO ]  I/O exception (java.net.NoRouteToHostException) caught when connecting to {}->http://123.57.67.98:8081: No route to host: connect
2015-01-17 22:40:15  [ 566023478@qtp-1854700674-44:32999501 ] - [ INFO ]  Retrying connect to {}->http://123.57.67.98:8081
2015-01-17 22:40:15  [ 566023478@qtp-1854700674-44:32999501 ] - [ INFO ]  query remote userinfo data error, uid=1002
2015-01-17 22:40:25  [ 566023478@qtp-1854700674-44:33009500 ] - [ INFO ]  I/O exception (java.net.NoRouteToHostException) caught when connecting to {}->http://123.57.67.98:8081: No route to host: connect
2015-01-17 22:40:25  [ 566023478@qtp-1854700674-44:33009501 ] - [ INFO ]  Retrying connect to {}->http://123.57.67.98:8081
2015-01-17 22:40:25  [ 566023478@qtp-1854700674-44:33009501 ] - [ INFO ]  I/O exception (java.net.NoRouteToHostException) caught when connecting to {}->http://123.57.67.98:8081: No route to host: connect
2015-01-17 22:40:25  [ 566023478@qtp-1854700674-44:33009501 ] - [ INFO ]  Retrying connect to {}->http://123.57.67.98:8081
2015-01-17 22:40:25  [ 566023478@qtp-1854700674-44:33009501 ] - [ INFO ]  I/O exception (java.net.NoRouteToHostException) caught when connecting to {}->http://123.57.67.98:8081: No route to host: connect
2015-01-17 22:40:25  [ 566023478@qtp-1854700674-44:33009501 ] - [ INFO ]  Retrying connect to {}->http://123.57.67.98:8081
2015-01-17 22:40:25  [ 566023478@qtp-1854700674-44:33009502 ] - [ INFO ]  query remote userinfo data error, uid=1002
2015-01-17 22:40:35  [ 566023478@qtp-1854700674-44:33019502 ] - [ INFO ]  I/O exception (java.net.NoRouteToHostException) caught when connecting to {}->http://123.57.67.98:8081: No route to host: connect
2015-01-17 22:40:35  [ 566023478@qtp-1854700674-44:33019502 ] - [ INFO ]  Retrying connect to {}->http://123.57.67.98:8081
2015-01-17 22:40:35  [ 566023478@qtp-1854700674-44:33019502 ] - [ INFO ]  I/O exception (java.net.NoRouteToHostException) caught when connecting to {}->http://123.57.67.98:8081: No route to host: connect
2015-01-17 22:40:35  [ 566023478@qtp-1854700674-44:33019503 ] - [ INFO ]  Retrying connect to {}->http://123.57.67.98:8081
2015-01-17 22:40:35  [ 566023478@qtp-1854700674-44:33019503 ] - [ INFO ]  I/O exception (java.net.NoRouteToHostException) caught when connecting to {}->http://123.57.67.98:8081: No route to host: connect
2015-01-17 22:40:35  [ 566023478@qtp-1854700674-44:33019503 ] - [ INFO ]  Retrying connect to {}->http://123.57.67.98:8081
2015-01-17 22:40:35  [ 566023478@qtp-1854700674-44:33019503 ] - [ INFO ]  query remote userinfo data error, uid=1002
2015-01-17 22:40:45  [ 566023478@qtp-1854700674-44:33029504 ] - [ INFO ]  I/O exception (java.net.NoRouteToHostException) caught when connecting to {}->http://123.57.67.98:8081: No route to host: connect
2015-01-17 22:40:45  [ 566023478@qtp-1854700674-44:33029504 ] - [ INFO ]  Retrying connect to {}->http://123.57.67.98:8081
2015-01-17 22:40:45  [ 566023478@qtp-1854700674-44:33029504 ] - [ INFO ]  I/O exception (java.net.NoRouteToHostException) caught when connecting to {}->http://123.57.67.98:8081: No route to host: connect
2015-01-17 22:40:45  [ 566023478@qtp-1854700674-44:33029505 ] - [ INFO ]  Retrying connect to {}->http://123.57.67.98:8081
2015-01-17 22:40:45  [ 566023478@qtp-1854700674-44:33029505 ] - [ INFO ]  I/O exception (java.net.NoRouteToHostException) caught when connecting to {}->http://123.57.67.98:8081: No route to host: connect
2015-01-17 22:40:45  [ 566023478@qtp-1854700674-44:33029505 ] - [ INFO ]  Retrying connect to {}->http://123.57.67.98:8081
2015-01-17 22:40:45  [ 566023478@qtp-1854700674-44:33029506 ] - [ INFO ]  query remote userinfo data error, uid=1002
2015-01-17 22:40:55  [ 1764640203@qtp-1854700674-45:33039509 ] - [ INFO ]  I/O exception (java.net.NoRouteToHostException) caught when connecting to {}->http://123.57.67.98:8081: No route to host: connect
2015-01-17 22:40:55  [ 1764640203@qtp-1854700674-45:33039510 ] - [ INFO ]  Retrying connect to {}->http://123.57.67.98:8081
2015-01-17 22:40:55  [ 1764640203@qtp-1854700674-45:33039510 ] - [ INFO ]  I/O exception (java.net.NoRouteToHostException) caught when connecting to {}->http://123.57.67.98:8081: No route to host: connect
2015-01-17 22:40:55  [ 1764640203@qtp-1854700674-45:33039510 ] - [ INFO ]  Retrying connect to {}->http://123.57.67.98:8081
2015-01-17 22:40:55  [ 1764640203@qtp-1854700674-45:33039510 ] - [ INFO ]  I/O exception (java.net.NoRouteToHostException) caught when connecting to {}->http://123.57.67.98:8081: No route to host: connect
2015-01-17 22:40:55  [ 1764640203@qtp-1854700674-45:33039511 ] - [ INFO ]  Retrying connect to {}->http://123.57.67.98:8081
2015-01-17 22:40:55  [ 1764640203@qtp-1854700674-45:33039511 ] - [ INFO ]  query remote userinfo data error, uid=1002
2015-01-17 22:41:05  [ 1764640203@qtp-1854700674-45:33049504 ] - [ INFO ]  I/O exception (java.net.NoRouteToHostException) caught when connecting to {}->http://123.57.67.98:8081: No route to host: connect
2015-01-17 22:41:05  [ 1764640203@qtp-1854700674-45:33049505 ] - [ INFO ]  Retrying connect to {}->http://123.57.67.98:8081
2015-01-17 22:41:05  [ 1764640203@qtp-1854700674-45:33049505 ] - [ INFO ]  I/O exception (java.net.NoRouteToHostException) caught when connecting to {}->http://123.57.67.98:8081: No route to host: connect
2015-01-17 22:41:05  [ 1764640203@qtp-1854700674-45:33049505 ] - [ INFO ]  Retrying connect to {}->http://123.57.67.98:8081
2015-01-17 22:41:05  [ 1764640203@qtp-1854700674-45:33049505 ] - [ INFO ]  I/O exception (java.net.NoRouteToHostException) caught when connecting to {}->http://123.57.67.98:8081: No route to host: connect
2015-01-17 22:41:05  [ 1764640203@qtp-1854700674-45:33049505 ] - [ INFO ]  Retrying connect to {}->http://123.57.67.98:8081
2015-01-17 22:41:05  [ 1764640203@qtp-1854700674-45:33049506 ] - [ INFO ]  query remote userinfo data error, uid=1002
2015-01-17 22:41:15  [ 1764640203@qtp-1854700674-45:33059508 ] - [ INFO ]  I/O exception (java.net.NoRouteToHostException) caught when connecting to {}->http://123.57.67.98:8081: No route to host: connect
2015-01-17 22:41:15  [ 1764640203@qtp-1854700674-45:33059509 ] - [ INFO ]  Retrying connect to {}->http://123.57.67.98:8081
2015-01-17 22:41:15  [ 1764640203@qtp-1854700674-45:33059509 ] - [ INFO ]  I/O exception (java.net.NoRouteToHostException) caught when connecting to {}->http://123.57.67.98:8081: No route to host: connect
2015-01-17 22:41:15  [ 1764640203@qtp-1854700674-45:33059509 ] - [ INFO ]  Retrying connect to {}->http://123.57.67.98:8081
2015-01-17 22:41:15  [ 1764640203@qtp-1854700674-45:33059510 ] - [ INFO ]  I/O exception (java.net.NoRouteToHostException) caught when connecting to {}->http://123.57.67.98:8081: No route to host: connect
2015-01-17 22:41:15  [ 1764640203@qtp-1854700674-45:33059510 ] - [ INFO ]  Retrying connect to {}->http://123.57.67.98:8081
2015-01-17 22:41:15  [ 1764640203@qtp-1854700674-45:33059510 ] - [ INFO ]  query remote userinfo data error, uid=1002
2015-01-17 22:42:06  [ 1764640203@qtp-1854700674-45:33110513 ] - [ INFO ]  query remote userinfo data error, uid=1002
2015-01-17 22:42:26  [ 1281246229@qtp-1854700674-47:33130515 ] - [ INFO ]  query remote userinfo data error, uid=1002
2015-01-17 22:42:46  [ 1764640203@qtp-1854700674-45:33150567 ] - [ INFO ]  query remote userinfo data error, uid=1002
2015-01-17 22:42:56  [ 1281246229@qtp-1854700674-47:33160515 ] - [ INFO ]  query remote userinfo data error, uid=1002
2015-01-17 22:43:06  [ 2035635319@qtp-1854700674-48:33170520 ] - [ INFO ]  query remote userinfo data error, uid=1002
2015-01-17 22:43:46  [ 2035635319@qtp-1854700674-48:33210575 ] - [ INFO ]  query remote userinfo data error, uid=1002
2015-01-17 22:44:07  [ 1764640203@qtp-1854700674-45:33230612 ] - [ INFO ]  query remote userinfo data error, uid=1002
2015-01-17 22:44:16  [ 2035635319@qtp-1854700674-48:33240537 ] - [ INFO ]  query remote userinfo data error, uid=1002
2015-01-17 22:44:46  [ 2035635319@qtp-1854700674-48:33270537 ] - [ INFO ]  query remote userinfo data error, uid=1002
2015-01-17 22:45:26  [ 2035635319@qtp-1854700674-48:33310541 ] - [ INFO ]  query remote userinfo data error, uid=1002
2015-01-17 22:46:26  [ 358944260@qtp-1854700674-49:33370546 ] - [ INFO ]  query remote userinfo data error, uid=1002
2015-01-17 22:47:26  [ 1171145657@qtp-1854700674-50:33430555 ] - [ INFO ]  query remote userinfo data error, uid=1002
2015-01-17 22:48:36  [ 1140885708@qtp-1854700674-51:33500577 ] - [ INFO ]  query remote userinfo data error, uid=1002
2015-01-17 22:48:57  [ 368425353@qtp-1854700674-52:33520745 ] - [ INFO ]  query remote userinfo data error, uid=1002
2015-01-17 22:49:06  [ 1140885708@qtp-1854700674-51:33530571 ] - [ INFO ]  query remote userinfo data error, uid=1002
2015-01-17 22:49:26  [ 1099869160@qtp-1854700674-53:33550559 ] - [ INFO ]  query remote userinfo data error, uid=1002
2015-01-17 22:49:36  [ 1140885708@qtp-1854700674-51:33560571 ] - [ INFO ]  query remote userinfo data error, uid=1002
2015-01-17 22:50:16  [ 1140885708@qtp-1854700674-51:33600581 ] - [ INFO ]  query remote userinfo data error, uid=1002
2015-01-17 22:50:26  [ 1099869160@qtp-1854700674-53:33610584 ] - [ INFO ]  query remote userinfo data error, uid=1002
2015-01-17 22:50:56  [ 1099869160@qtp-1854700674-53:33640586 ] - [ INFO ]  query remote userinfo data error, uid=1002
2015-01-17 22:52:17  [ 83085124@qtp-1854700674-54:33720590 ] - [ INFO ]  query remote userinfo data error, uid=1002
